  [4;36;1mSQL (8.0ms)[0m   [0;1m SELECT name
 FROM sqlite_master
 WHERE type = 'table' AND NOT name = 'sqlite_sequence'
[0m
  [4;35;1mSQL (0.0ms)[0m   [0mselect sqlite_version(*)[0m
  [4;36;1mSQL (114.0ms)[0m   [0;1mCREATE TABLE "schema_migrations" ("version" varchar(255) NOT NULL) [0m
  [4;35;1mSQL (0.0ms)[0m   [0mPRAGMA index_list("schema_migrations")[0m
  [4;36;1mSQL (129.0ms)[0m   [0;1mCREATE UNIQUE INDEX "unique_schema_migrations" ON "schema_migrations" ("version")[0m
  [4;35;1mSQL (1.0ms)[0m   [0m SELECT name
 FROM sqlite_master
 WHERE type = 'table' AND NOT name = 'sqlite_sequence'
[0m
  [4;36;1mSQL (0.0ms)[0m   [0;1mSELECT version FROM schema_migrations[0m
Migrating to CreateTweets (20100825153145)
  [4;35;1mSQL (1.0ms)[0m   [0mCREATE TABLE "tweets" ("id" INTEGER PRIMARY KEY AUTOINCREMENT NOT NULL, "text" varchar(255), "created_at" datetime, "updated_at" datetime) [0m
  [4;36;1mSQL (0.0ms)[0m   [0;1mINSERT INTO schema_migrations (version) VALUES ('20100825153145')[0m
  [4;35;1mSQL (0.0ms)[0m   [0m SELECT name
 FROM sqlite_master
 WHERE type = 'table' AND NOT name = 'sqlite_sequence'
[0m
  [4;36;1mSQL (0.0ms)[0m   [0;1mSELECT version FROM schema_migrations[0m
  [4;35;1mSQL (1.0ms)[0m   [0m SELECT name
 FROM sqlite_master
 WHERE type = 'table' AND NOT name = 'sqlite_sequence'
[0m
  [4;36;1mSQL (0.0ms)[0m   [0;1mPRAGMA index_list("tweets")[0m


Processing DashboardController#index (for 127.0.0.1 at 2010-08-25 12:39:27) [GET]
Rendering template within layouts/application
Rendering dashboard/index
Completed in 329ms (View: 141, DB: 0) | 200 OK [http://localhost/dashboard]


Processing ApplicationController#index (for 127.0.0.1 at 2010-08-25 12:40:24) [GET]

ActionController::RoutingError (No route matches "/dashboard/index.haml" with {:method=>:get}):
  haml (3.0.17) rails/./lib/sass/plugin/rack.rb:41:in `call'

Rendering rescues/layout (not_found)


Processing DashboardController#index (for 127.0.0.1 at 2010-08-25 12:40:32) [GET]
Rendering template within layouts/application
Rendering dashboard/index
Completed in 32ms (View: 2, DB: 0) | 200 OK [http://localhost/dashboard]


Processing DashboardController#index (for 127.0.0.1 at 2010-08-25 14:38:01) [GET]
Rendering template within layouts/application
Rendering dashboard/index
  [4;36;1mTweet Load (0.0ms)[0m   [0;1mSELECT * FROM "tweets" [0m
ERROR: compiling _run_haml_app47cells47twitter_widget47display_form46html46haml_locals_rendered_children RAISED compile error
app/cells/twitter_widget/display_form.html.haml:22: syntax error, unexpected kENSURE, expecting kEND
_erbout;ensure;@haml_buffer = @haml_buffer.upper;end;
              ^
app/cells/twitter_widget/display_form.html.haml:25: syntax error, unexpected $end, expecting kEND
Function body:           def _run_haml_app47cells47twitter_widget47display_form46html46haml_locals_rendered_children(local_assigns)
            old_output_buffer = output_buffer;rendered_children = local_assigns[:rendered_children];;begin;extend Haml::Helpers;_hamlout = @haml_buffer = Haml::Buffer.new(@haml_buffer, {:ugly=>false, :preserve=>["textarea", "pre", "code"], :encoding=>nil, :format=>:xhtml, :escape_html=>false, :attr_wrapper=>"'", :autoclose=>["meta", "img", "link", "br", "hr", "input", "area", "param", "col", "base"]});_erbout = _hamlout.buffer;__in_erb_template = true;; widget_div do;
_hamlout.push_text("<ul>\n", 1, false);
 for tweet in @tweets;
_hamlout.push_text("  <li>\n    #{
_hamlout.adjust_tabs(1); _hamlout.format_script_false_false_false_false_false_true_false(( tweet.text
));}\n  </li>\n", -1, false);
end;_hamlout.push_text("</ul>\n<p>\n  What are you up to?\n</p>\n", -1, false);


 form_tag "", "data-event-url" => url_for_event(:submit) do;
_hamlout.push_text("#{_hamlout.format_script_false_false_false_false_false_true_false(( text_field_tag 'text'
));}\n#{
_hamlout.format_script_false_false_false_false_false_true_false(( submit_tag "Tweet!"
));}\n", 0, false);
end;_hamlout.push_text("<script type='text/javascript'>\n  //<![CDATA[\n    form = $(\"# form\");\n    \n    form.submit(function() {\n      $.ajax({url: form.attr(\"data-event-url\"), data: form.serialize()})\n      return false;\n    });\n  //]]>\n</script>\n", 0, false);






_erbout;ensure;@haml_buffer = @haml_buffer.upper;end;
          ensure
            self.output_buffer = old_output_buffer
          end
Backtrace: app/cells/twitter_widget/display_form.html.haml:25:in `compile!'
/usr/lib/ruby/gems/1.8/gems/actionpack-2.3.8/lib/action_view/renderable.rb:61:in `compile'
/usr/lib/ruby/gems/1.8/gems/actionpack-2.3.8/lib/action_view/renderable.rb:28:in `render'
/usr/lib/ruby/gems/1.8/gems/actionpack-2.3.8/lib/action_view/template.rb:205:in `render_template'
/usr/lib/ruby/gems/1.8/gems/actionpack-2.3.8/lib/action_view/base.rb:265:in `render_for'
/usr/lib/ruby/gems/1.8/gems/cells-3.3.4/lib/cells/cell/base.rb:358:in `render_view_for'
/usr/lib/ruby/gems/1.8/gems/apotomo-0.1.1/lib/apotomo/widget.rb:195:in `render'
/cygdrive/c/rails/bar/app/cells/twitter_widget.rb:6:in `display_form'
/usr/lib/ruby/gems/1.8/gems/apotomo-0.1.1/lib/apotomo/widget.rb:136:in `send'
/usr/lib/ruby/gems/1.8/gems/apotomo-0.1.1/lib/apotomo/widget.rb:136:in `dispatch_state'
/usr/lib/ruby/gems/1.8/gems/cells-3.3.4/lib/cells/cell/base.rb:260:in `render_state'
/usr/lib/ruby/gems/1.8/gems/apotomo-0.1.1/lib/apotomo/widget.rb:129:in `invoke'
/usr/lib/ruby/gems/1.8/gems/apotomo-0.1.1/lib/apotomo/request_processor.rb:82:in `render_widget_for'
/usr/lib/ruby/gems/1.8/gems/apotomo-0.1.1/lib/apotomo/rails/controller_methods.rb:83:in `render_widget'
/usr/lib/ruby/gems/1.8/gems/apotomo-0.1.1/lib/apotomo/rails/view_methods.rb:5:in `__send__'
/usr/lib/ruby/gems/1.8/gems/apotomo-0.1.1/lib/apotomo/rails/view_methods.rb:5:in `render_widget'
/cygdrive/c/rails/bar/app/views/dashboard/index.haml:3:in `_run_haml_app47views47dashboard47index46haml'
/usr/lib/ruby/gems/1.8/gems/actionpack-2.3.8/lib/action_view/renderable.rb:34:in `send'
/usr/lib/ruby/gems/1.8/gems/actionpack-2.3.8/lib/action_view/renderable.rb:34:in `render'
/usr/lib/ruby/gems/1.8/gems/actionpack-2.3.8/lib/action_view/base.rb:306:in `with_template'
/usr/lib/ruby/gems/1.8/gems/actionpack-2.3.8/lib/action_view/renderable.rb:30:in `render'
/usr/lib/ruby/gems/1.8/gems/actionpack-2.3.8/lib/action_view/template.rb:205:in `render_template'
/usr/lib/ruby/gems/1.8/gems/actionpack-2.3.8/lib/action_view/base.rb:265:in `render_without_haml'
/usr/lib/ruby/gems/1.8/gems/haml-3.0.17/rails/../lib/haml/helpers/action_view_mods.rb:13:in `render'
/usr/lib/ruby/gems/1.8/gems/actionpack-2.3.8/lib/action_view/base.rb:348:in `_render_with_layout'
/usr/lib/ruby/gems/1.8/gems/actionpack-2.3.8/lib/action_view/base.rb:262:in `render_without_haml'
/usr/lib/ruby/gems/1.8/gems/haml-3.0.17/rails/../lib/haml/helpers/action_view_mods.rb:13:in `render'
/usr/lib/ruby/gems/1.8/gems/actionpack-2.3.8/lib/action_controller/base.rb:1250:in `render_for_file'
/usr/lib/ruby/gems/1.8/gems/actionpack-2.3.8/lib/action_controller/base.rb:936:in `render_without_benchmark'
/usr/lib/ruby/gems/1.8/gems/actionpack-2.3.8/lib/action_controller/benchmarking.rb:51:in `render'
/usr/lib/ruby/gems/1.8/gems/activesupport-2.3.8/lib/active_support/core_ext/benchmark.rb:17:in `ms'
/usr/lib/ruby/1.8/benchmark.rb:308:in `realtime'
/usr/lib/ruby/gems/1.8/gems/activesupport-2.3.8/lib/active_support/core_ext/benchmark.rb:17:in `ms'
/usr/lib/ruby/gems/1.8/gems/actionpack-2.3.8/lib/action_controller/benchmarking.rb:51:in `render'
/usr/lib/ruby/gems/1.8/gems/actionpack-2.3.8/lib/action_controller/base.rb:1326:in `default_render'
/usr/lib/ruby/gems/1.8/gems/actionpack-2.3.8/lib/action_controller/base.rb:1332:in `perform_action_without_filters'
/usr/lib/ruby/gems/1.8/gems/actionpack-2.3.8/lib/action_controller/filters.rb:617:in `call_filters'
/usr/lib/ruby/gems/1.8/gems/actionpack-2.3.8/lib/action_controller/filters.rb:610:in `perform_action_without_benchmark'
/usr/lib/ruby/gems/1.8/gems/actionpack-2.3.8/lib/action_controller/benchmarking.rb:68:in `perform_action_without_rescue'
/usr/lib/ruby/gems/1.8/gems/activesupport-2.3.8/lib/active_support/core_ext/benchmark.rb:17:in `ms'
/usr/lib/ruby/1.8/benchmark.rb:308:in `realtime'
/usr/lib/ruby/gems/1.8/gems/activesupport-2.3.8/lib/active_support/core_ext/benchmark.rb:17:in `ms'
/usr/lib/ruby/gems/1.8/gems/actionpack-2.3.8/lib/action_controller/benchmarking.rb:68:in `perform_action_without_rescue'
/usr/lib/ruby/gems/1.8/gems/actionpack-2.3.8/lib/action_controller/rescue.rb:160:in `perform_action_without_flash'
/usr/lib/ruby/gems/1.8/gems/actionpack-2.3.8/lib/action_controller/flash.rb:151:in `perform_action'
/usr/lib/ruby/gems/1.8/gems/actionpack-2.3.8/lib/action_controller/base.rb:532:in `send'
/usr/lib/ruby/gems/1.8/gems/actionpack-2.3.8/lib/action_controller/base.rb:532:in `process_without_filters'
/usr/lib/ruby/gems/1.8/gems/actionpack-2.3.8/lib/action_controller/filters.rb:606:in `process'
/usr/lib/ruby/gems/1.8/gems/actionpack-2.3.8/lib/action_controller/base.rb:391:in `process'
/usr/lib/ruby/gems/1.8/gems/actionpack-2.3.8/lib/action_controller/base.rb:386:in `call'
/usr/lib/ruby/gems/1.8/gems/actionpack-2.3.8/lib/action_controller/routing/route_set.rb:438:in `call'
/usr/lib/ruby/gems/1.8/gems/actionpack-2.3.8/lib/action_controller/dispatcher.rb:87:in `dispatch'
/usr/lib/ruby/gems/1.8/gems/actionpack-2.3.8/lib/action_controller/dispatcher.rb:121:in `_call'
/usr/lib/ruby/gems/1.8/gems/actionpack-2.3.8/lib/action_controller/dispatcher.rb:130:in `build_middleware_stack'
/usr/lib/ruby/gems/1.8/gems/activerecord-2.3.8/lib/active_record/query_cache.rb:29:in `call'
/usr/lib/ruby/gems/1.8/gems/activerecord-2.3.8/lib/active_record/query_cache.rb:29:in `call'
/usr/lib/ruby/gems/1.8/gems/activerecord-2.3.8/lib/active_record/connection_adapters/abstract/query_cache.rb:34:in `cache'
/usr/lib/ruby/gems/1.8/gems/activerecord-2.3.8/lib/active_record/query_cache.rb:9:in `cache'
/usr/lib/ruby/gems/1.8/gems/activerecord-2.3.8/lib/active_record/query_cache.rb:28:in `call'
/usr/lib/ruby/gems/1.8/gems/activerecord-2.3.8/lib/active_record/connection_adapters/abstract/connection_pool.rb:361:in `call'
/usr/lib/ruby/gems/1.8/gems/haml-3.0.17/rails/../lib/sass/plugin/rack.rb:41:in `call'
/usr/lib/ruby/gems/1.8/gems/actionpack-2.3.8/lib/action_controller/string_coercion.rb:25:in `call'
/usr/lib/ruby/gems/1.8/gems/rack-1.1.0/lib/rack/head.rb:9:in `call'
/usr/lib/ruby/gems/1.8/gems/rack-1.1.0/lib/rack/methodoverride.rb:24:in `call'
/usr/lib/ruby/gems/1.8/gems/actionpack-2.3.8/lib/action_controller/params_parser.rb:15:in `call'
/usr/lib/ruby/gems/1.8/gems/actionpack-2.3.8/lib/action_controller/session/cookie_store.rb:99:in `call'
/usr/lib/ruby/gems/1.8/gems/actionpack-2.3.8/lib/action_controller/failsafe.rb:26:in `call'
/usr/lib/ruby/gems/1.8/gems/rack-1.1.0/lib/rack/lock.rb:11:in `call'
/usr/lib/ruby/gems/1.8/gems/rack-1.1.0/lib/rack/lock.rb:11:in `synchronize'
/usr/lib/ruby/gems/1.8/gems/rack-1.1.0/lib/rack/lock.rb:11:in `call'
/usr/lib/ruby/gems/1.8/gems/actionpack-2.3.8/lib/action_controller/dispatcher.rb:114:in `call'
/usr/lib/ruby/gems/1.8/gems/actionpack-2.3.8/lib/action_controller/reloader.rb:34:in `run'
/usr/lib/ruby/gems/1.8/gems/actionpack-2.3.8/lib/action_controller/dispatcher.rb:108:in `call'
/usr/lib/ruby/gems/1.8/gems/rails-2.3.8/lib/rails/rack/static.rb:31:in `call'
/usr/lib/ruby/gems/1.8/gems/rack-1.1.0/lib/rack/urlmap.rb:47:in `call'
/usr/lib/ruby/gems/1.8/gems/rack-1.1.0/lib/rack/urlmap.rb:41:in `each'
/usr/lib/ruby/gems/1.8/gems/rack-1.1.0/lib/rack/urlmap.rb:41:in `call'
/usr/lib/ruby/gems/1.8/gems/rails-2.3.8/lib/rails/rack/log_tailer.rb:17:in `call'
/usr/lib/ruby/gems/1.8/gems/rack-1.1.0/lib/rack/content_length.rb:13:in `call'
/usr/lib/ruby/gems/1.8/gems/rack-1.1.0/lib/rack/chunked.rb:15:in `call'
/usr/lib/ruby/gems/1.8/gems/rack-1.1.0/lib/rack/handler/mongrel.rb:67:in `process'
/usr/lib/ruby/gems/1.8/gems/mongrel-1.1.5/lib/mongrel.rb:159:in `process_client'
/usr/lib/ruby/gems/1.8/gems/mongrel-1.1.5/lib/mongrel.rb:158:in `each'
/usr/lib/ruby/gems/1.8/gems/mongrel-1.1.5/lib/mongrel.rb:158:in `process_client'
/usr/lib/ruby/gems/1.8/gems/mongrel-1.1.5/lib/mongrel.rb:285:in `run'
/usr/lib/ruby/gems/1.8/gems/mongrel-1.1.5/lib/mongrel.rb:285:in `initialize'
/usr/lib/ruby/gems/1.8/gems/mongrel-1.1.5/lib/mongrel.rb:285:in `new'
/usr/lib/ruby/gems/1.8/gems/mongrel-1.1.5/lib/mongrel.rb:285:in `run'
/usr/lib/ruby/gems/1.8/gems/mongrel-1.1.5/lib/mongrel.rb:268:in `initialize'
/usr/lib/ruby/gems/1.8/gems/mongrel-1.1.5/lib/mongrel.rb:268:in `new'
/usr/lib/ruby/gems/1.8/gems/mongrel-1.1.5/lib/mongrel.rb:268:in `run'
/usr/lib/ruby/gems/1.8/gems/rack-1.1.0/lib/rack/handler/mongrel.rb:38:in `run'
/usr/lib/ruby/gems/1.8/gems/rails-2.3.8/lib/commands/server.rb:111
/usr/lib/ruby/site_ruby/1.8/rubygems/custom_require.rb:31:in `gem_original_require'
/usr/lib/ruby/site_ruby/1.8/rubygems/custom_require.rb:31:in `require'
./script/server:3

ActionView::TemplateError (compile error
app/cells/twitter_widget/display_form.html.haml:22: syntax error, unexpected kENSURE, expecting kEND
_erbout;ensure;@haml_buffer = @haml_buffer.upper;end;
              ^
app/cells/twitter_widget/display_form.html.haml:25: syntax error, unexpected $end, expecting kEND) on line #22 of app/cells/twitter_widget/display_form.html.haml:
19:     $.ajax({url: form.attr("data-event-url"), data: form.serialize()})
20:     return false;
21:   });

    app/cells/twitter_widget/display_form.html.haml:25:in `compile!'
    cells (3.3.4) lib/cells/cell/base.rb:358:in `render_view_for'
    apotomo (0.1.1) lib/apotomo/widget.rb:195:in `render'
    app/cells/twitter_widget.rb:6:in `display_form'
    apotomo (0.1.1) lib/apotomo/widget.rb:136:in `send'
    apotomo (0.1.1) lib/apotomo/widget.rb:136:in `dispatch_state'
    cells (3.3.4) lib/cells/cell/base.rb:260:in `render_state'
    apotomo (0.1.1) lib/apotomo/widget.rb:129:in `invoke'
    apotomo (0.1.1) lib/apotomo/request_processor.rb:82:in `render_widget_for'
    apotomo (0.1.1) lib/apotomo/rails/controller_methods.rb:83:in `render_widget'
    apotomo (0.1.1) lib/apotomo/rails/view_methods.rb:5:in `__send__'
    apotomo (0.1.1) lib/apotomo/rails/view_methods.rb:5:in `render_widget'
    app/views/dashboard/index.haml:3:in `_run_haml_app47views47dashboard47index46haml'
    haml (3.0.17) rails/./lib/haml/helpers/action_view_mods.rb:13:in `render'
    haml (3.0.17) rails/./lib/haml/helpers/action_view_mods.rb:13:in `render'
    haml (3.0.17) rails/./lib/sass/plugin/rack.rb:41:in `call'

Rendered rescues/_trace (66.0ms)
Rendered rescues/_request_and_response (25.0ms)
Rendering rescues/layout (internal_server_error)


Processing DashboardController#index (for 127.0.0.1 at 2010-08-25 14:41:09) [GET]
Rendering template within layouts/application
Rendering dashboard/index
  [4;36;1mTweet Load (1.0ms)[0m   [0;1mSELECT * FROM "tweets" [0m
ERROR: compiling _run_haml_app47cells47twitter_widget47display_form46html46haml_locals_rendered_children RAISED compile error
app/cells/twitter_widget/display_form.html.haml:22: syntax error, unexpected kENSURE, expecting kEND
_erbout;ensure;@haml_buffer = @haml_buffer.upper;end;
              ^
app/cells/twitter_widget/display_form.html.haml:25: syntax error, unexpected $end, expecting kEND
Function body:           def _run_haml_app47cells47twitter_widget47display_form46html46haml_locals_rendered_children(local_assigns)
            old_output_buffer = output_buffer;rendered_children = local_assigns[:rendered_children];;begin;extend Haml::Helpers;_hamlout = @haml_buffer = Haml::Buffer.new(@haml_buffer, {:ugly=>false, :preserve=>["textarea", "pre", "code"], :encoding=>nil, :format=>:xhtml, :escape_html=>false, :attr_wrapper=>"'", :autoclose=>["meta", "img", "link", "br", "hr", "input", "area", "param", "col", "base"]});_erbout = _hamlout.buffer;__in_erb_template = true;; widget_div do;
_hamlout.push_text("<ul>\n", 1, false);
 for tweet in @tweets;
_hamlout.push_text("  <li>\n    #{
_hamlout.adjust_tabs(1); _hamlout.format_script_false_false_false_false_false_true_false(( tweet.text
));}\n  </li>\n", -1, false);
end;_hamlout.push_text("</ul>\n<p>\n  What are you up to?\n</p>\n", -1, false);


 form_tag "", "data-event-url" => url_for_event(:submit) do;
_hamlout.push_text("#{_hamlout.format_script_false_false_false_false_false_true_false(( text_field_tag 'text'
));}\n#{
_hamlout.format_script_false_false_false_false_false_true_false(( submit_tag "Tweet!"
));}\n", 0, false);
end;_hamlout.push_text("<script type='text/javascript'>\n  //<![CDATA[\n    form = $(\"# form\");\n    \n    form.submit(function() {\n      $.ajax({url: form.attr(\"data-event-url\"), data: form.serialize()})\n      return false;\n    });\n  //]]>\n</script>\n", 0, false);






_erbout;ensure;@haml_buffer = @haml_buffer.upper;end;
          ensure
            self.output_buffer = old_output_buffer
          end
Backtrace: app/cells/twitter_widget/display_form.html.haml:25:in `compile!'
/usr/lib/ruby/gems/1.8/gems/actionpack-2.3.8/lib/action_view/renderable.rb:61:in `compile'
/usr/lib/ruby/gems/1.8/gems/actionpack-2.3.8/lib/action_view/renderable.rb:28:in `render'
/usr/lib/ruby/gems/1.8/gems/actionpack-2.3.8/lib/action_view/template.rb:205:in `render_template'
/usr/lib/ruby/gems/1.8/gems/actionpack-2.3.8/lib/action_view/base.rb:265:in `render_for'
/usr/lib/ruby/gems/1.8/gems/cells-3.3.4/lib/cells/cell/base.rb:358:in `render_view_for'
/usr/lib/ruby/gems/1.8/gems/apotomo-0.1.1/lib/apotomo/widget.rb:195:in `render'
/cygdrive/c/rails/bar/app/cells/twitter_widget.rb:6:in `display_form'
/usr/lib/ruby/gems/1.8/gems/apotomo-0.1.1/lib/apotomo/widget.rb:136:in `send'
/usr/lib/ruby/gems/1.8/gems/apotomo-0.1.1/lib/apotomo/widget.rb:136:in `dispatch_state'
/usr/lib/ruby/gems/1.8/gems/cells-3.3.4/lib/cells/cell/base.rb:260:in `render_state'
/usr/lib/ruby/gems/1.8/gems/apotomo-0.1.1/lib/apotomo/widget.rb:129:in `invoke'
/usr/lib/ruby/gems/1.8/gems/apotomo-0.1.1/lib/apotomo/request_processor.rb:82:in `render_widget_for'
/usr/lib/ruby/gems/1.8/gems/apotomo-0.1.1/lib/apotomo/rails/controller_methods.rb:83:in `render_widget'
/usr/lib/ruby/gems/1.8/gems/apotomo-0.1.1/lib/apotomo/rails/view_methods.rb:5:in `__send__'
/usr/lib/ruby/gems/1.8/gems/apotomo-0.1.1/lib/apotomo/rails/view_methods.rb:5:in `render_widget'
/cygdrive/c/rails/bar/app/views/dashboard/index.haml:3:in `_run_haml_app47views47dashboard47index46haml'
/usr/lib/ruby/gems/1.8/gems/actionpack-2.3.8/lib/action_view/renderable.rb:34:in `send'
/usr/lib/ruby/gems/1.8/gems/actionpack-2.3.8/lib/action_view/renderable.rb:34:in `render'
/usr/lib/ruby/gems/1.8/gems/actionpack-2.3.8/lib/action_view/base.rb:306:in `with_template'
/usr/lib/ruby/gems/1.8/gems/actionpack-2.3.8/lib/action_view/renderable.rb:30:in `render'
/usr/lib/ruby/gems/1.8/gems/actionpack-2.3.8/lib/action_view/template.rb:205:in `render_template'
/usr/lib/ruby/gems/1.8/gems/actionpack-2.3.8/lib/action_view/base.rb:265:in `render_without_haml'
/usr/lib/ruby/gems/1.8/gems/haml-3.0.17/rails/../lib/haml/helpers/action_view_mods.rb:13:in `render'
/usr/lib/ruby/gems/1.8/gems/actionpack-2.3.8/lib/action_view/base.rb:348:in `_render_with_layout'
/usr/lib/ruby/gems/1.8/gems/actionpack-2.3.8/lib/action_view/base.rb:262:in `render_without_haml'
/usr/lib/ruby/gems/1.8/gems/haml-3.0.17/rails/../lib/haml/helpers/action_view_mods.rb:13:in `render'
/usr/lib/ruby/gems/1.8/gems/actionpack-2.3.8/lib/action_controller/base.rb:1250:in `render_for_file'
/usr/lib/ruby/gems/1.8/gems/actionpack-2.3.8/lib/action_controller/base.rb:936:in `render_without_benchmark'
/usr/lib/ruby/gems/1.8/gems/actionpack-2.3.8/lib/action_controller/benchmarking.rb:51:in `render'
/usr/lib/ruby/gems/1.8/gems/activesupport-2.3.8/lib/active_support/core_ext/benchmark.rb:17:in `ms'
/usr/lib/ruby/1.8/benchmark.rb:308:in `realtime'
/usr/lib/ruby/gems/1.8/gems/activesupport-2.3.8/lib/active_support/core_ext/benchmark.rb:17:in `ms'
/usr/lib/ruby/gems/1.8/gems/actionpack-2.3.8/lib/action_controller/benchmarking.rb:51:in `render'
/usr/lib/ruby/gems/1.8/gems/actionpack-2.3.8/lib/action_controller/base.rb:1326:in `default_render'
/usr/lib/ruby/gems/1.8/gems/actionpack-2.3.8/lib/action_controller/base.rb:1332:in `perform_action_without_filters'
/usr/lib/ruby/gems/1.8/gems/actionpack-2.3.8/lib/action_controller/filters.rb:617:in `call_filters'
/usr/lib/ruby/gems/1.8/gems/actionpack-2.3.8/lib/action_controller/filters.rb:610:in `perform_action_without_benchmark'
/usr/lib/ruby/gems/1.8/gems/actionpack-2.3.8/lib/action_controller/benchmarking.rb:68:in `perform_action_without_rescue'
/usr/lib/ruby/gems/1.8/gems/activesupport-2.3.8/lib/active_support/core_ext/benchmark.rb:17:in `ms'
/usr/lib/ruby/1.8/benchmark.rb:308:in `realtime'
/usr/lib/ruby/gems/1.8/gems/activesupport-2.3.8/lib/active_support/core_ext/benchmark.rb:17:in `ms'
/usr/lib/ruby/gems/1.8/gems/actionpack-2.3.8/lib/action_controller/benchmarking.rb:68:in `perform_action_without_rescue'
/usr/lib/ruby/gems/1.8/gems/actionpack-2.3.8/lib/action_controller/rescue.rb:160:in `perform_action_without_flash'
/usr/lib/ruby/gems/1.8/gems/actionpack-2.3.8/lib/action_controller/flash.rb:151:in `perform_action'
/usr/lib/ruby/gems/1.8/gems/actionpack-2.3.8/lib/action_controller/base.rb:532:in `send'
/usr/lib/ruby/gems/1.8/gems/actionpack-2.3.8/lib/action_controller/base.rb:532:in `process_without_filters'
/usr/lib/ruby/gems/1.8/gems/actionpack-2.3.8/lib/action_controller/filters.rb:606:in `process'
/usr/lib/ruby/gems/1.8/gems/actionpack-2.3.8/lib/action_controller/base.rb:391:in `process'
/usr/lib/ruby/gems/1.8/gems/actionpack-2.3.8/lib/action_controller/base.rb:386:in `call'
/usr/lib/ruby/gems/1.8/gems/actionpack-2.3.8/lib/action_controller/routing/route_set.rb:438:in `call'
/usr/lib/ruby/gems/1.8/gems/actionpack-2.3.8/lib/action_controller/dispatcher.rb:87:in `dispatch'
/usr/lib/ruby/gems/1.8/gems/actionpack-2.3.8/lib/action_controller/dispatcher.rb:121:in `_call'
/usr/lib/ruby/gems/1.8/gems/actionpack-2.3.8/lib/action_controller/dispatcher.rb:130:in `build_middleware_stack'
/usr/lib/ruby/gems/1.8/gems/activerecord-2.3.8/lib/active_record/query_cache.rb:29:in `call'
/usr/lib/ruby/gems/1.8/gems/activerecord-2.3.8/lib/active_record/query_cache.rb:29:in `call'
/usr/lib/ruby/gems/1.8/gems/activerecord-2.3.8/lib/active_record/connection_adapters/abstract/query_cache.rb:34:in `cache'
/usr/lib/ruby/gems/1.8/gems/activerecord-2.3.8/lib/active_record/query_cache.rb:9:in `cache'
/usr/lib/ruby/gems/1.8/gems/activerecord-2.3.8/lib/active_record/query_cache.rb:28:in `call'
/usr/lib/ruby/gems/1.8/gems/activerecord-2.3.8/lib/active_record/connection_adapters/abstract/connection_pool.rb:361:in `call'
/usr/lib/ruby/gems/1.8/gems/haml-3.0.17/rails/../lib/sass/plugin/rack.rb:41:in `call'
/usr/lib/ruby/gems/1.8/gems/actionpack-2.3.8/lib/action_controller/string_coercion.rb:25:in `call'
/usr/lib/ruby/gems/1.8/gems/rack-1.1.0/lib/rack/head.rb:9:in `call'
/usr/lib/ruby/gems/1.8/gems/rack-1.1.0/lib/rack/methodoverride.rb:24:in `call'
/usr/lib/ruby/gems/1.8/gems/actionpack-2.3.8/lib/action_controller/params_parser.rb:15:in `call'
/usr/lib/ruby/gems/1.8/gems/actionpack-2.3.8/lib/action_controller/session/cookie_store.rb:99:in `call'
/usr/lib/ruby/gems/1.8/gems/actionpack-2.3.8/lib/action_controller/failsafe.rb:26:in `call'
/usr/lib/ruby/gems/1.8/gems/rack-1.1.0/lib/rack/lock.rb:11:in `call'
/usr/lib/ruby/gems/1.8/gems/rack-1.1.0/lib/rack/lock.rb:11:in `synchronize'
/usr/lib/ruby/gems/1.8/gems/rack-1.1.0/lib/rack/lock.rb:11:in `call'
/usr/lib/ruby/gems/1.8/gems/actionpack-2.3.8/lib/action_controller/dispatcher.rb:114:in `call'
/usr/lib/ruby/gems/1.8/gems/actionpack-2.3.8/lib/action_controller/reloader.rb:34:in `run'
/usr/lib/ruby/gems/1.8/gems/actionpack-2.3.8/lib/action_controller/dispatcher.rb:108:in `call'
/usr/lib/ruby/gems/1.8/gems/rails-2.3.8/lib/rails/rack/static.rb:31:in `call'
/usr/lib/ruby/gems/1.8/gems/rack-1.1.0/lib/rack/urlmap.rb:47:in `call'
/usr/lib/ruby/gems/1.8/gems/rack-1.1.0/lib/rack/urlmap.rb:41:in `each'
/usr/lib/ruby/gems/1.8/gems/rack-1.1.0/lib/rack/urlmap.rb:41:in `call'
/usr/lib/ruby/gems/1.8/gems/rails-2.3.8/lib/rails/rack/log_tailer.rb:17:in `call'
/usr/lib/ruby/gems/1.8/gems/rack-1.1.0/lib/rack/content_length.rb:13:in `call'
/usr/lib/ruby/gems/1.8/gems/rack-1.1.0/lib/rack/chunked.rb:15:in `call'
/usr/lib/ruby/gems/1.8/gems/rack-1.1.0/lib/rack/handler/mongrel.rb:67:in `process'
/usr/lib/ruby/gems/1.8/gems/mongrel-1.1.5/lib/mongrel.rb:159:in `process_client'
/usr/lib/ruby/gems/1.8/gems/mongrel-1.1.5/lib/mongrel.rb:158:in `each'
/usr/lib/ruby/gems/1.8/gems/mongrel-1.1.5/lib/mongrel.rb:158:in `process_client'
/usr/lib/ruby/gems/1.8/gems/mongrel-1.1.5/lib/mongrel.rb:285:in `run'
/usr/lib/ruby/gems/1.8/gems/mongrel-1.1.5/lib/mongrel.rb:285:in `initialize'
/usr/lib/ruby/gems/1.8/gems/mongrel-1.1.5/lib/mongrel.rb:285:in `new'
/usr/lib/ruby/gems/1.8/gems/mongrel-1.1.5/lib/mongrel.rb:285:in `run'
/usr/lib/ruby/gems/1.8/gems/mongrel-1.1.5/lib/mongrel.rb:268:in `initialize'
/usr/lib/ruby/gems/1.8/gems/mongrel-1.1.5/lib/mongrel.rb:268:in `new'
/usr/lib/ruby/gems/1.8/gems/mongrel-1.1.5/lib/mongrel.rb:268:in `run'
/usr/lib/ruby/gems/1.8/gems/rack-1.1.0/lib/rack/handler/mongrel.rb:38:in `run'
/usr/lib/ruby/gems/1.8/gems/rails-2.3.8/lib/commands/server.rb:111
/usr/lib/ruby/site_ruby/1.8/rubygems/custom_require.rb:31:in `gem_original_require'
/usr/lib/ruby/site_ruby/1.8/rubygems/custom_require.rb:31:in `require'
./script/server:3

ActionView::TemplateError (compile error
app/cells/twitter_widget/display_form.html.haml:22: syntax error, unexpected kENSURE, expecting kEND
_erbout;ensure;@haml_buffer = @haml_buffer.upper;end;
              ^
app/cells/twitter_widget/display_form.html.haml:25: syntax error, unexpected $end, expecting kEND) on line #22 of app/cells/twitter_widget/display_form.html.haml:
19:     $.ajax({url: form.attr("data-event-url"), data: form.serialize()})
20:     return false;
21:   });

    app/cells/twitter_widget/display_form.html.haml:25:in `compile!'
    cells (3.3.4) lib/cells/cell/base.rb:358:in `render_view_for'
    apotomo (0.1.1) lib/apotomo/widget.rb:195:in `render'
    app/cells/twitter_widget.rb:6:in `display_form'
    apotomo (0.1.1) lib/apotomo/widget.rb:136:in `send'
    apotomo (0.1.1) lib/apotomo/widget.rb:136:in `dispatch_state'
    cells (3.3.4) lib/cells/cell/base.rb:260:in `render_state'
    apotomo (0.1.1) lib/apotomo/widget.rb:129:in `invoke'
    apotomo (0.1.1) lib/apotomo/request_processor.rb:82:in `render_widget_for'
    apotomo (0.1.1) lib/apotomo/rails/controller_methods.rb:83:in `render_widget'
    apotomo (0.1.1) lib/apotomo/rails/view_methods.rb:5:in `__send__'
    apotomo (0.1.1) lib/apotomo/rails/view_methods.rb:5:in `render_widget'
    app/views/dashboard/index.haml:3:in `_run_haml_app47views47dashboard47index46haml'
    haml (3.0.17) rails/./lib/haml/helpers/action_view_mods.rb:13:in `render'
    haml (3.0.17) rails/./lib/haml/helpers/action_view_mods.rb:13:in `render'
    haml (3.0.17) rails/./lib/sass/plugin/rack.rb:41:in `call'

Rendered rescues/_trace (65.0ms)
Rendered rescues/_request_and_response (1.0ms)
Rendering rescues/layout (internal_server_error)


Processing DashboardController#index (for 127.0.0.1 at 2010-08-25 14:43:15) [GET]
Rendering template within layouts/application
Rendering dashboard/index
  [4;35;1mTweet Load (0.0ms)[0m   [0mSELECT * FROM "tweets" [0m
ERROR: compiling _run_haml_app47cells47twitter_widget47display_form46html46haml_locals_rendered_children RAISED compile error
app/cells/twitter_widget/display_form.html.haml:22: syntax error, unexpected kENSURE, expecting kEND
_erbout;ensure;@haml_buffer = @haml_buffer.upper;end;
              ^
app/cells/twitter_widget/display_form.html.haml:25: syntax error, unexpected $end, expecting kEND
Function body:           def _run_haml_app47cells47twitter_widget47display_form46html46haml_locals_rendered_children(local_assigns)
            old_output_buffer = output_buffer;rendered_children = local_assigns[:rendered_children];;begin;extend Haml::Helpers;_hamlout = @haml_buffer = Haml::Buffer.new(@haml_buffer, {:ugly=>false, :preserve=>["textarea", "pre", "code"], :encoding=>nil, :format=>:xhtml, :escape_html=>false, :attr_wrapper=>"'", :autoclose=>["meta", "img", "link", "br", "hr", "input", "area", "param", "col", "base"]});_erbout = _hamlout.buffer;__in_erb_template = true;; widget_div do;
_hamlout.push_text("<ul>\n", 1, false);
 for tweet in @tweets;
_hamlout.push_text("  <li>\n    #{
_hamlout.adjust_tabs(1); _hamlout.format_script_false_false_false_false_false_true_false(( tweet.text
));}\n  </li>\n", -1, false);
end;_hamlout.push_text("</ul>\n<p>\n  What are you up to?\n</p>\n", -1, false);


 form_tag "", "data-event-url" => url_for_event(:submit) do;
_hamlout.push_text("#{_hamlout.format_script_false_false_false_false_false_true_false(( text_field_tag 'text'
));}\n#{
_hamlout.format_script_false_false_false_false_false_true_false(( submit_tag "Tweet!"
));}\n", 0, false);
end;_hamlout.push_text("<script type='text/javascript'>\n  //<![CDATA[\n    form = $(\"# form\");\n    \n    form.submit(function() {\n      $.ajax({url: form.attr(\"data-event-url\"), data: form.serialize()})\n      return false;\n    });\n  //]]>\n</script>\n", 0, false);






_erbout;ensure;@haml_buffer = @haml_buffer.upper;end;
          ensure
            self.output_buffer = old_output_buffer
          end
Backtrace: app/cells/twitter_widget/display_form.html.haml:25:in `compile!'
/usr/lib/ruby/gems/1.8/gems/actionpack-2.3.8/lib/action_view/renderable.rb:61:in `compile'
/usr/lib/ruby/gems/1.8/gems/actionpack-2.3.8/lib/action_view/renderable.rb:28:in `render'
/usr/lib/ruby/gems/1.8/gems/actionpack-2.3.8/lib/action_view/template.rb:205:in `render_template'
/usr/lib/ruby/gems/1.8/gems/actionpack-2.3.8/lib/action_view/base.rb:265:in `render_for'
/usr/lib/ruby/gems/1.8/gems/cells-3.3.4/lib/cells/cell/base.rb:358:in `render_view_for'
/usr/lib/ruby/gems/1.8/gems/apotomo-0.1.1/lib/apotomo/widget.rb:195:in `render'
/cygdrive/c/rails/bar/app/cells/twitter_widget.rb:6:in `display_form'
/usr/lib/ruby/gems/1.8/gems/apotomo-0.1.1/lib/apotomo/widget.rb:136:in `send'
/usr/lib/ruby/gems/1.8/gems/apotomo-0.1.1/lib/apotomo/widget.rb:136:in `dispatch_state'
/usr/lib/ruby/gems/1.8/gems/cells-3.3.4/lib/cells/cell/base.rb:260:in `render_state'
/usr/lib/ruby/gems/1.8/gems/apotomo-0.1.1/lib/apotomo/widget.rb:129:in `invoke'
/usr/lib/ruby/gems/1.8/gems/apotomo-0.1.1/lib/apotomo/request_processor.rb:82:in `render_widget_for'
/usr/lib/ruby/gems/1.8/gems/apotomo-0.1.1/lib/apotomo/rails/controller_methods.rb:83:in `render_widget'
/usr/lib/ruby/gems/1.8/gems/apotomo-0.1.1/lib/apotomo/rails/view_methods.rb:5:in `__send__'
/usr/lib/ruby/gems/1.8/gems/apotomo-0.1.1/lib/apotomo/rails/view_methods.rb:5:in `render_widget'
/cygdrive/c/rails/bar/app/views/dashboard/index.html.haml:3:in `_run_haml_app47views47dashboard47index46html46haml'
/usr/lib/ruby/gems/1.8/gems/actionpack-2.3.8/lib/action_view/renderable.rb:34:in `send'
/usr/lib/ruby/gems/1.8/gems/actionpack-2.3.8/lib/action_view/renderable.rb:34:in `render'
/usr/lib/ruby/gems/1.8/gems/actionpack-2.3.8/lib/action_view/base.rb:306:in `with_template'
/usr/lib/ruby/gems/1.8/gems/actionpack-2.3.8/lib/action_view/renderable.rb:30:in `render'
/usr/lib/ruby/gems/1.8/gems/actionpack-2.3.8/lib/action_view/template.rb:205:in `render_template'
/usr/lib/ruby/gems/1.8/gems/actionpack-2.3.8/lib/action_view/base.rb:265:in `render_without_haml'
/usr/lib/ruby/gems/1.8/gems/haml-3.0.17/rails/../lib/haml/helpers/action_view_mods.rb:13:in `render'
/usr/lib/ruby/gems/1.8/gems/actionpack-2.3.8/lib/action_view/base.rb:348:in `_render_with_layout'
/usr/lib/ruby/gems/1.8/gems/actionpack-2.3.8/lib/action_view/base.rb:262:in `render_without_haml'
/usr/lib/ruby/gems/1.8/gems/haml-3.0.17/rails/../lib/haml/helpers/action_view_mods.rb:13:in `render'
/usr/lib/ruby/gems/1.8/gems/actionpack-2.3.8/lib/action_controller/base.rb:1250:in `render_for_file'
/usr/lib/ruby/gems/1.8/gems/actionpack-2.3.8/lib/action_controller/base.rb:936:in `render_without_benchmark'
/usr/lib/ruby/gems/1.8/gems/actionpack-2.3.8/lib/action_controller/benchmarking.rb:51:in `render'
/usr/lib/ruby/gems/1.8/gems/activesupport-2.3.8/lib/active_support/core_ext/benchmark.rb:17:in `ms'
/usr/lib/ruby/1.8/benchmark.rb:308:in `realtime'
/usr/lib/ruby/gems/1.8/gems/activesupport-2.3.8/lib/active_support/core_ext/benchmark.rb:17:in `ms'
/usr/lib/ruby/gems/1.8/gems/actionpack-2.3.8/lib/action_controller/benchmarking.rb:51:in `render'
/usr/lib/ruby/gems/1.8/gems/actionpack-2.3.8/lib/action_controller/base.rb:1326:in `default_render'
/usr/lib/ruby/gems/1.8/gems/actionpack-2.3.8/lib/action_controller/base.rb:1332:in `perform_action_without_filters'
/usr/lib/ruby/gems/1.8/gems/actionpack-2.3.8/lib/action_controller/filters.rb:617:in `call_filters'
/usr/lib/ruby/gems/1.8/gems/actionpack-2.3.8/lib/action_controller/filters.rb:610:in `perform_action_without_benchmark'
/usr/lib/ruby/gems/1.8/gems/actionpack-2.3.8/lib/action_controller/benchmarking.rb:68:in `perform_action_without_rescue'
/usr/lib/ruby/gems/1.8/gems/activesupport-2.3.8/lib/active_support/core_ext/benchmark.rb:17:in `ms'
/usr/lib/ruby/1.8/benchmark.rb:308:in `realtime'
/usr/lib/ruby/gems/1.8/gems/activesupport-2.3.8/lib/active_support/core_ext/benchmark.rb:17:in `ms'
/usr/lib/ruby/gems/1.8/gems/actionpack-2.3.8/lib/action_controller/benchmarking.rb:68:in `perform_action_without_rescue'
/usr/lib/ruby/gems/1.8/gems/actionpack-2.3.8/lib/action_controller/rescue.rb:160:in `perform_action_without_flash'
/usr/lib/ruby/gems/1.8/gems/actionpack-2.3.8/lib/action_controller/flash.rb:151:in `perform_action'
/usr/lib/ruby/gems/1.8/gems/actionpack-2.3.8/lib/action_controller/base.rb:532:in `send'
/usr/lib/ruby/gems/1.8/gems/actionpack-2.3.8/lib/action_controller/base.rb:532:in `process_without_filters'
/usr/lib/ruby/gems/1.8/gems/actionpack-2.3.8/lib/action_controller/filters.rb:606:in `process'
/usr/lib/ruby/gems/1.8/gems/actionpack-2.3.8/lib/action_controller/base.rb:391:in `process'
/usr/lib/ruby/gems/1.8/gems/actionpack-2.3.8/lib/action_controller/base.rb:386:in `call'
/usr/lib/ruby/gems/1.8/gems/actionpack-2.3.8/lib/action_controller/routing/route_set.rb:438:in `call'
/usr/lib/ruby/gems/1.8/gems/actionpack-2.3.8/lib/action_controller/dispatcher.rb:87:in `dispatch'
/usr/lib/ruby/gems/1.8/gems/actionpack-2.3.8/lib/action_controller/dispatcher.rb:121:in `_call'
/usr/lib/ruby/gems/1.8/gems/actionpack-2.3.8/lib/action_controller/dispatcher.rb:130:in `build_middleware_stack'
/usr/lib/ruby/gems/1.8/gems/activerecord-2.3.8/lib/active_record/query_cache.rb:29:in `call'
/usr/lib/ruby/gems/1.8/gems/activerecord-2.3.8/lib/active_record/query_cache.rb:29:in `call'
/usr/lib/ruby/gems/1.8/gems/activerecord-2.3.8/lib/active_record/connection_adapters/abstract/query_cache.rb:34:in `cache'
/usr/lib/ruby/gems/1.8/gems/activerecord-2.3.8/lib/active_record/query_cache.rb:9:in `cache'
/usr/lib/ruby/gems/1.8/gems/activerecord-2.3.8/lib/active_record/query_cache.rb:28:in `call'
/usr/lib/ruby/gems/1.8/gems/activerecord-2.3.8/lib/active_record/connection_adapters/abstract/connection_pool.rb:361:in `call'
/usr/lib/ruby/gems/1.8/gems/haml-3.0.17/rails/../lib/sass/plugin/rack.rb:41:in `call'
/usr/lib/ruby/gems/1.8/gems/actionpack-2.3.8/lib/action_controller/string_coercion.rb:25:in `call'
/usr/lib/ruby/gems/1.8/gems/rack-1.1.0/lib/rack/head.rb:9:in `call'
/usr/lib/ruby/gems/1.8/gems/rack-1.1.0/lib/rack/methodoverride.rb:24:in `call'
/usr/lib/ruby/gems/1.8/gems/actionpack-2.3.8/lib/action_controller/params_parser.rb:15:in `call'
/usr/lib/ruby/gems/1.8/gems/actionpack-2.3.8/lib/action_controller/session/cookie_store.rb:99:in `call'
/usr/lib/ruby/gems/1.8/gems/actionpack-2.3.8/lib/action_controller/failsafe.rb:26:in `call'
/usr/lib/ruby/gems/1.8/gems/rack-1.1.0/lib/rack/lock.rb:11:in `call'
/usr/lib/ruby/gems/1.8/gems/rack-1.1.0/lib/rack/lock.rb:11:in `synchronize'
/usr/lib/ruby/gems/1.8/gems/rack-1.1.0/lib/rack/lock.rb:11:in `call'
/usr/lib/ruby/gems/1.8/gems/actionpack-2.3.8/lib/action_controller/dispatcher.rb:114:in `call'
/usr/lib/ruby/gems/1.8/gems/actionpack-2.3.8/lib/action_controller/reloader.rb:34:in `run'
/usr/lib/ruby/gems/1.8/gems/actionpack-2.3.8/lib/action_controller/dispatcher.rb:108:in `call'
/usr/lib/ruby/gems/1.8/gems/rails-2.3.8/lib/rails/rack/static.rb:31:in `call'
/usr/lib/ruby/gems/1.8/gems/rack-1.1.0/lib/rack/urlmap.rb:47:in `call'
/usr/lib/ruby/gems/1.8/gems/rack-1.1.0/lib/rack/urlmap.rb:41:in `each'
/usr/lib/ruby/gems/1.8/gems/rack-1.1.0/lib/rack/urlmap.rb:41:in `call'
/usr/lib/ruby/gems/1.8/gems/rails-2.3.8/lib/rails/rack/log_tailer.rb:17:in `call'
/usr/lib/ruby/gems/1.8/gems/rack-1.1.0/lib/rack/content_length.rb:13:in `call'
/usr/lib/ruby/gems/1.8/gems/rack-1.1.0/lib/rack/chunked.rb:15:in `call'
/usr/lib/ruby/gems/1.8/gems/rack-1.1.0/lib/rack/handler/mongrel.rb:67:in `process'
/usr/lib/ruby/gems/1.8/gems/mongrel-1.1.5/lib/mongrel.rb:159:in `process_client'
/usr/lib/ruby/gems/1.8/gems/mongrel-1.1.5/lib/mongrel.rb:158:in `each'
/usr/lib/ruby/gems/1.8/gems/mongrel-1.1.5/lib/mongrel.rb:158:in `process_client'
/usr/lib/ruby/gems/1.8/gems/mongrel-1.1.5/lib/mongrel.rb:285:in `run'
/usr/lib/ruby/gems/1.8/gems/mongrel-1.1.5/lib/mongrel.rb:285:in `initialize'
/usr/lib/ruby/gems/1.8/gems/mongrel-1.1.5/lib/mongrel.rb:285:in `new'
/usr/lib/ruby/gems/1.8/gems/mongrel-1.1.5/lib/mongrel.rb:285:in `run'
/usr/lib/ruby/gems/1.8/gems/mongrel-1.1.5/lib/mongrel.rb:268:in `initialize'
/usr/lib/ruby/gems/1.8/gems/mongrel-1.1.5/lib/mongrel.rb:268:in `new'
/usr/lib/ruby/gems/1.8/gems/mongrel-1.1.5/lib/mongrel.rb:268:in `run'
/usr/lib/ruby/gems/1.8/gems/rack-1.1.0/lib/rack/handler/mongrel.rb:38:in `run'
/usr/lib/ruby/gems/1.8/gems/rails-2.3.8/lib/commands/server.rb:111
/usr/lib/ruby/site_ruby/1.8/rubygems/custom_require.rb:31:in `gem_original_require'
/usr/lib/ruby/site_ruby/1.8/rubygems/custom_require.rb:31:in `require'
./script/server:3

ActionView::TemplateError (compile error
app/cells/twitter_widget/display_form.html.haml:22: syntax error, unexpected kENSURE, expecting kEND
_erbout;ensure;@haml_buffer = @haml_buffer.upper;end;
              ^
app/cells/twitter_widget/display_form.html.haml:25: syntax error, unexpected $end, expecting kEND) on line #22 of app/cells/twitter_widget/display_form.html.haml:
19:     $.ajax({url: form.attr("data-event-url"), data: form.serialize()})
20:     return false;
21:   });

    app/cells/twitter_widget/display_form.html.haml:25:in `compile!'
    cells (3.3.4) lib/cells/cell/base.rb:358:in `render_view_for'
    apotomo (0.1.1) lib/apotomo/widget.rb:195:in `render'
    app/cells/twitter_widget.rb:6:in `display_form'
    apotomo (0.1.1) lib/apotomo/widget.rb:136:in `send'
    apotomo (0.1.1) lib/apotomo/widget.rb:136:in `dispatch_state'
    cells (3.3.4) lib/cells/cell/base.rb:260:in `render_state'
    apotomo (0.1.1) lib/apotomo/widget.rb:129:in `invoke'
    apotomo (0.1.1) lib/apotomo/request_processor.rb:82:in `render_widget_for'
    apotomo (0.1.1) lib/apotomo/rails/controller_methods.rb:83:in `render_widget'
    apotomo (0.1.1) lib/apotomo/rails/view_methods.rb:5:in `__send__'
    apotomo (0.1.1) lib/apotomo/rails/view_methods.rb:5:in `render_widget'
    app/views/dashboard/index.html.haml:3:in `_run_haml_app47views47dashboard47index46html46haml'
    haml (3.0.17) rails/./lib/haml/helpers/action_view_mods.rb:13:in `render'
    haml (3.0.17) rails/./lib/haml/helpers/action_view_mods.rb:13:in `render'
    haml (3.0.17) rails/./lib/sass/plugin/rack.rb:41:in `call'

Rendered rescues/_trace (154.0ms)
Rendered rescues/_request_and_response (0.0ms)
Rendering rescues/layout (internal_server_error)


Processing DashboardController#index (for 127.0.0.1 at 2010-08-25 14:45:40) [GET]
Rendering template within layouts/application
Rendering dashboard/index
  [4;36;1mTweet Load (0.0ms)[0m   [0;1mSELECT * FROM "tweets" [0m
ERROR: compiling _run_haml_app47cells47twitter_widget47display_form46html46haml_locals_rendered_children RAISED compile error
app/cells/twitter_widget/display_form.html.haml:22: syntax error, unexpected kENSURE, expecting kEND
_erbout;ensure;@haml_buffer = @haml_buffer.upper;end;
              ^
app/cells/twitter_widget/display_form.html.haml:25: syntax error, unexpected $end, expecting kEND
Function body:           def _run_haml_app47cells47twitter_widget47display_form46html46haml_locals_rendered_children(local_assigns)
            old_output_buffer = output_buffer;rendered_children = local_assigns[:rendered_children];;begin;extend Haml::Helpers;_hamlout = @haml_buffer = Haml::Buffer.new(@haml_buffer, {:ugly=>false, :preserve=>["textarea", "pre", "code"], :encoding=>nil, :format=>:xhtml, :escape_html=>false, :attr_wrapper=>"'", :autoclose=>["meta", "img", "link", "br", "hr", "input", "area", "param", "col", "base"]});_erbout = _hamlout.buffer;__in_erb_template = true;; widget_div do;
_hamlout.push_text("<ul>\n", 1, false);
 for tweet in @tweets;
_hamlout.push_text("  <li>\n    #{
_hamlout.adjust_tabs(1); _hamlout.format_script_false_false_false_false_false_true_false(( tweet.text
));}\n  </li>\n", -1, false);
end;_hamlout.push_text("</ul>\n<p>\n  What are you up to?\n</p>\n", -1, false);


 form_tag "", "data-event-url" => url_for_event(:submit) do;
_hamlout.push_text("#{_hamlout.format_script_false_false_false_false_false_true_false(( text_field_tag 'text'
));}\n#{
_hamlout.format_script_false_false_false_false_false_true_false(( submit_tag "Tweet!"
));}\n", 0, false);
end;_hamlout.push_text("<script type='text/javascript'>\n  //<![CDATA[\n    form = $(\"# form\");\n    \n    form.submit(function() {\n      $.ajax({url: form.attr(\"data-event-url\"), data: form.serialize()})\n      return false;\n    });\n  //]]>\n</script>\n", 0, false);






_erbout;ensure;@haml_buffer = @haml_buffer.upper;end;
          ensure
            self.output_buffer = old_output_buffer
          end
Backtrace: app/cells/twitter_widget/display_form.html.haml:25:in `compile!'
/usr/lib/ruby/gems/1.8/gems/actionpack-2.3.8/lib/action_view/renderable.rb:61:in `compile'
/usr/lib/ruby/gems/1.8/gems/actionpack-2.3.8/lib/action_view/renderable.rb:28:in `render'
/usr/lib/ruby/gems/1.8/gems/actionpack-2.3.8/lib/action_view/template.rb:205:in `render_template'
/usr/lib/ruby/gems/1.8/gems/actionpack-2.3.8/lib/action_view/base.rb:265:in `render_for'
/usr/lib/ruby/gems/1.8/gems/cells-3.3.4/lib/cells/cell/base.rb:358:in `render_view_for'
/usr/lib/ruby/gems/1.8/gems/apotomo-0.1.1/lib/apotomo/widget.rb:195:in `render'
/cygdrive/c/rails/bar/app/cells/twitter_widget.rb:6:in `display_form'
/usr/lib/ruby/gems/1.8/gems/apotomo-0.1.1/lib/apotomo/widget.rb:136:in `send'
/usr/lib/ruby/gems/1.8/gems/apotomo-0.1.1/lib/apotomo/widget.rb:136:in `dispatch_state'
/usr/lib/ruby/gems/1.8/gems/cells-3.3.4/lib/cells/cell/base.rb:260:in `render_state'
/usr/lib/ruby/gems/1.8/gems/apotomo-0.1.1/lib/apotomo/widget.rb:129:in `invoke'
/usr/lib/ruby/gems/1.8/gems/apotomo-0.1.1/lib/apotomo/request_processor.rb:82:in `render_widget_for'
/usr/lib/ruby/gems/1.8/gems/apotomo-0.1.1/lib/apotomo/rails/controller_methods.rb:83:in `render_widget'
/usr/lib/ruby/gems/1.8/gems/apotomo-0.1.1/lib/apotomo/rails/view_methods.rb:5:in `__send__'
/usr/lib/ruby/gems/1.8/gems/apotomo-0.1.1/lib/apotomo/rails/view_methods.rb:5:in `render_widget'
/cygdrive/c/rails/bar/app/views/dashboard/index.html.haml:3:in `_run_haml_app47views47dashboard47index46html46haml'
/usr/lib/ruby/gems/1.8/gems/actionpack-2.3.8/lib/action_view/renderable.rb:34:in `send'
/usr/lib/ruby/gems/1.8/gems/actionpack-2.3.8/lib/action_view/renderable.rb:34:in `render'
/usr/lib/ruby/gems/1.8/gems/actionpack-2.3.8/lib/action_view/base.rb:306:in `with_template'
/usr/lib/ruby/gems/1.8/gems/actionpack-2.3.8/lib/action_view/renderable.rb:30:in `render'
/usr/lib/ruby/gems/1.8/gems/actionpack-2.3.8/lib/action_view/template.rb:205:in `render_template'
/usr/lib/ruby/gems/1.8/gems/actionpack-2.3.8/lib/action_view/base.rb:265:in `render_without_haml'
/usr/lib/ruby/gems/1.8/gems/haml-3.0.17/rails/../lib/haml/helpers/action_view_mods.rb:13:in `render'
/usr/lib/ruby/gems/1.8/gems/actionpack-2.3.8/lib/action_view/base.rb:348:in `_render_with_layout'
/usr/lib/ruby/gems/1.8/gems/actionpack-2.3.8/lib/action_view/base.rb:262:in `render_without_haml'
/usr/lib/ruby/gems/1.8/gems/haml-3.0.17/rails/../lib/haml/helpers/action_view_mods.rb:13:in `render'
/usr/lib/ruby/gems/1.8/gems/actionpack-2.3.8/lib/action_controller/base.rb:1250:in `render_for_file'
/usr/lib/ruby/gems/1.8/gems/actionpack-2.3.8/lib/action_controller/base.rb:936:in `render_without_benchmark'
/usr/lib/ruby/gems/1.8/gems/actionpack-2.3.8/lib/action_controller/benchmarking.rb:51:in `render'
/usr/lib/ruby/gems/1.8/gems/activesupport-2.3.8/lib/active_support/core_ext/benchmark.rb:17:in `ms'
/usr/lib/ruby/1.8/benchmark.rb:308:in `realtime'
/usr/lib/ruby/gems/1.8/gems/activesupport-2.3.8/lib/active_support/core_ext/benchmark.rb:17:in `ms'
/usr/lib/ruby/gems/1.8/gems/actionpack-2.3.8/lib/action_controller/benchmarking.rb:51:in `render'
/usr/lib/ruby/gems/1.8/gems/actionpack-2.3.8/lib/action_controller/base.rb:1326:in `default_render'
/usr/lib/ruby/gems/1.8/gems/actionpack-2.3.8/lib/action_controller/base.rb:1332:in `perform_action_without_filters'
/usr/lib/ruby/gems/1.8/gems/actionpack-2.3.8/lib/action_controller/filters.rb:617:in `call_filters'
/usr/lib/ruby/gems/1.8/gems/actionpack-2.3.8/lib/action_controller/filters.rb:610:in `perform_action_without_benchmark'
/usr/lib/ruby/gems/1.8/gems/actionpack-2.3.8/lib/action_controller/benchmarking.rb:68:in `perform_action_without_rescue'
/usr/lib/ruby/gems/1.8/gems/activesupport-2.3.8/lib/active_support/core_ext/benchmark.rb:17:in `ms'
/usr/lib/ruby/1.8/benchmark.rb:308:in `realtime'
/usr/lib/ruby/gems/1.8/gems/activesupport-2.3.8/lib/active_support/core_ext/benchmark.rb:17:in `ms'
/usr/lib/ruby/gems/1.8/gems/actionpack-2.3.8/lib/action_controller/benchmarking.rb:68:in `perform_action_without_rescue'
/usr/lib/ruby/gems/1.8/gems/actionpack-2.3.8/lib/action_controller/rescue.rb:160:in `perform_action_without_flash'
/usr/lib/ruby/gems/1.8/gems/actionpack-2.3.8/lib/action_controller/flash.rb:151:in `perform_action'
/usr/lib/ruby/gems/1.8/gems/actionpack-2.3.8/lib/action_controller/base.rb:532:in `send'
/usr/lib/ruby/gems/1.8/gems/actionpack-2.3.8/lib/action_controller/base.rb:532:in `process_without_filters'
/usr/lib/ruby/gems/1.8/gems/actionpack-2.3.8/lib/action_controller/filters.rb:606:in `process'
/usr/lib/ruby/gems/1.8/gems/actionpack-2.3.8/lib/action_controller/base.rb:391:in `process'
/usr/lib/ruby/gems/1.8/gems/actionpack-2.3.8/lib/action_controller/base.rb:386:in `call'
/usr/lib/ruby/gems/1.8/gems/actionpack-2.3.8/lib/action_controller/routing/route_set.rb:438:in `call'
/usr/lib/ruby/gems/1.8/gems/actionpack-2.3.8/lib/action_controller/dispatcher.rb:87:in `dispatch'
/usr/lib/ruby/gems/1.8/gems/actionpack-2.3.8/lib/action_controller/dispatcher.rb:121:in `_call'
/usr/lib/ruby/gems/1.8/gems/actionpack-2.3.8/lib/action_controller/dispatcher.rb:130:in `build_middleware_stack'
/usr/lib/ruby/gems/1.8/gems/activerecord-2.3.8/lib/active_record/query_cache.rb:29:in `call'
/usr/lib/ruby/gems/1.8/gems/activerecord-2.3.8/lib/active_record/query_cache.rb:29:in `call'
/usr/lib/ruby/gems/1.8/gems/activerecord-2.3.8/lib/active_record/connection_adapters/abstract/query_cache.rb:34:in `cache'
/usr/lib/ruby/gems/1.8/gems/activerecord-2.3.8/lib/active_record/query_cache.rb:9:in `cache'
/usr/lib/ruby/gems/1.8/gems/activerecord-2.3.8/lib/active_record/query_cache.rb:28:in `call'
/usr/lib/ruby/gems/1.8/gems/activerecord-2.3.8/lib/active_record/connection_adapters/abstract/connection_pool.rb:361:in `call'
/usr/lib/ruby/gems/1.8/gems/haml-3.0.17/rails/../lib/sass/plugin/rack.rb:41:in `call'
/usr/lib/ruby/gems/1.8/gems/actionpack-2.3.8/lib/action_controller/string_coercion.rb:25:in `call'
/usr/lib/ruby/gems/1.8/gems/rack-1.1.0/lib/rack/head.rb:9:in `call'
/usr/lib/ruby/gems/1.8/gems/rack-1.1.0/lib/rack/methodoverride.rb:24:in `call'
/usr/lib/ruby/gems/1.8/gems/actionpack-2.3.8/lib/action_controller/params_parser.rb:15:in `call'
/usr/lib/ruby/gems/1.8/gems/actionpack-2.3.8/lib/action_controller/session/cookie_store.rb:99:in `call'
/usr/lib/ruby/gems/1.8/gems/actionpack-2.3.8/lib/action_controller/failsafe.rb:26:in `call'
/usr/lib/ruby/gems/1.8/gems/rack-1.1.0/lib/rack/lock.rb:11:in `call'
/usr/lib/ruby/gems/1.8/gems/rack-1.1.0/lib/rack/lock.rb:11:in `synchronize'
/usr/lib/ruby/gems/1.8/gems/rack-1.1.0/lib/rack/lock.rb:11:in `call'
/usr/lib/ruby/gems/1.8/gems/actionpack-2.3.8/lib/action_controller/dispatcher.rb:114:in `call'
/usr/lib/ruby/gems/1.8/gems/actionpack-2.3.8/lib/action_controller/reloader.rb:34:in `run'
/usr/lib/ruby/gems/1.8/gems/actionpack-2.3.8/lib/action_controller/dispatcher.rb:108:in `call'
/usr/lib/ruby/gems/1.8/gems/rails-2.3.8/lib/rails/rack/static.rb:31:in `call'
/usr/lib/ruby/gems/1.8/gems/rack-1.1.0/lib/rack/urlmap.rb:47:in `call'
/usr/lib/ruby/gems/1.8/gems/rack-1.1.0/lib/rack/urlmap.rb:41:in `each'
/usr/lib/ruby/gems/1.8/gems/rack-1.1.0/lib/rack/urlmap.rb:41:in `call'
/usr/lib/ruby/gems/1.8/gems/rails-2.3.8/lib/rails/rack/log_tailer.rb:17:in `call'
/usr/lib/ruby/gems/1.8/gems/rack-1.1.0/lib/rack/content_length.rb:13:in `call'
/usr/lib/ruby/gems/1.8/gems/rack-1.1.0/lib/rack/chunked.rb:15:in `call'
/usr/lib/ruby/gems/1.8/gems/rack-1.1.0/lib/rack/handler/mongrel.rb:67:in `process'
/usr/lib/ruby/gems/1.8/gems/mongrel-1.1.5/lib/mongrel.rb:159:in `process_client'
/usr/lib/ruby/gems/1.8/gems/mongrel-1.1.5/lib/mongrel.rb:158:in `each'
/usr/lib/ruby/gems/1.8/gems/mongrel-1.1.5/lib/mongrel.rb:158:in `process_client'
/usr/lib/ruby/gems/1.8/gems/mongrel-1.1.5/lib/mongrel.rb:285:in `run'
/usr/lib/ruby/gems/1.8/gems/mongrel-1.1.5/lib/mongrel.rb:285:in `initialize'
/usr/lib/ruby/gems/1.8/gems/mongrel-1.1.5/lib/mongrel.rb:285:in `new'
/usr/lib/ruby/gems/1.8/gems/mongrel-1.1.5/lib/mongrel.rb:285:in `run'
/usr/lib/ruby/gems/1.8/gems/mongrel-1.1.5/lib/mongrel.rb:268:in `initialize'
/usr/lib/ruby/gems/1.8/gems/mongrel-1.1.5/lib/mongrel.rb:268:in `new'
/usr/lib/ruby/gems/1.8/gems/mongrel-1.1.5/lib/mongrel.rb:268:in `run'
/usr/lib/ruby/gems/1.8/gems/rack-1.1.0/lib/rack/handler/mongrel.rb:38:in `run'
/usr/lib/ruby/gems/1.8/gems/rails-2.3.8/lib/commands/server.rb:111
/usr/lib/ruby/site_ruby/1.8/rubygems/custom_require.rb:31:in `gem_original_require'
/usr/lib/ruby/site_ruby/1.8/rubygems/custom_require.rb:31:in `require'
./script/server:3

ActionView::TemplateError (compile error
app/cells/twitter_widget/display_form.html.haml:22: syntax error, unexpected kENSURE, expecting kEND
_erbout;ensure;@haml_buffer = @haml_buffer.upper;end;
              ^
app/cells/twitter_widget/display_form.html.haml:25: syntax error, unexpected $end, expecting kEND) on line #22 of app/cells/twitter_widget/display_form.html.haml:
19:     $.ajax({url: form.attr("data-event-url"), data: form.serialize()})
20:     return false;
21:   });

    app/cells/twitter_widget/display_form.html.haml:25:in `compile!'
    cells (3.3.4) lib/cells/cell/base.rb:358:in `render_view_for'
    apotomo (0.1.1) lib/apotomo/widget.rb:195:in `render'
    app/cells/twitter_widget.rb:6:in `display_form'
    apotomo (0.1.1) lib/apotomo/widget.rb:136:in `send'
    apotomo (0.1.1) lib/apotomo/widget.rb:136:in `dispatch_state'
    cells (3.3.4) lib/cells/cell/base.rb:260:in `render_state'
    apotomo (0.1.1) lib/apotomo/widget.rb:129:in `invoke'
    apotomo (0.1.1) lib/apotomo/request_processor.rb:82:in `render_widget_for'
    apotomo (0.1.1) lib/apotomo/rails/controller_methods.rb:83:in `render_widget'
    apotomo (0.1.1) lib/apotomo/rails/view_methods.rb:5:in `__send__'
    apotomo (0.1.1) lib/apotomo/rails/view_methods.rb:5:in `render_widget'
    app/views/dashboard/index.html.haml:3:in `_run_haml_app47views47dashboard47index46html46haml'
    haml (3.0.17) rails/./lib/haml/helpers/action_view_mods.rb:13:in `render'
    haml (3.0.17) rails/./lib/haml/helpers/action_view_mods.rb:13:in `render'
    haml (3.0.17) rails/./lib/sass/plugin/rack.rb:41:in `call'

Rendered rescues/_trace (65.0ms)
Rendered rescues/_request_and_response (0.0ms)
Rendering rescues/layout (internal_server_error)


Processing DashboardController#index (for 127.0.0.1 at 2010-08-25 14:46:19) [GET]
Rendering template within layouts/application
Rendering dashboard/index
  [4;36;1mTweet Load (0.0ms)[0m   [0;1mSELECT * FROM "tweets" [0m
ERROR: compiling _run_haml_app47cells47twitter_widget47display_form46html46haml_locals_rendered_children RAISED compile error
app/cells/twitter_widget/display_form.html.haml:22: syntax error, unexpected kENSURE, expecting kEND
_erbout;ensure;@haml_buffer = @haml_buffer.upper;end;
              ^
app/cells/twitter_widget/display_form.html.haml:25: syntax error, unexpected $end, expecting kEND
Function body:           def _run_haml_app47cells47twitter_widget47display_form46html46haml_locals_rendered_children(local_assigns)
            old_output_buffer = output_buffer;rendered_children = local_assigns[:rendered_children];;begin;extend Haml::Helpers;_hamlout = @haml_buffer = Haml::Buffer.new(@haml_buffer, {:ugly=>false, :preserve=>["textarea", "pre", "code"], :encoding=>nil, :format=>:xhtml, :escape_html=>false, :attr_wrapper=>"'", :autoclose=>["meta", "img", "link", "br", "hr", "input", "area", "param", "col", "base"]});_erbout = _hamlout.buffer;__in_erb_template = true;; widget_div do;
_hamlout.push_text("<ul>\n", 1, false);
 for tweet in @tweets;
_hamlout.push_text("  <li>\n    #{
_hamlout.adjust_tabs(1); _hamlout.format_script_false_false_false_false_false_true_false(( tweet.text
));}\n  </li>\n", -1, false);
end;_hamlout.push_text("</ul>\n<p>\n  What are you up to?\n</p>\n", -1, false);


 form_tag "", "data-event-url" => url_for_event(:submit) do;
_hamlout.push_text("#{_hamlout.format_script_false_false_false_false_false_true_false(( text_field_tag 'text'
));}\n#{
_hamlout.format_script_false_false_false_false_false_true_false(( submit_tag "Tweet!"
));}\n", 0, false);
end;_hamlout.push_text("<script type='text/javascript'>\n  //<![CDATA[\n    form = $(\"# form\");\n    \n    form.submit(function() {\n      $.ajax({url: form.attr(\"data-event-url\"), data: form.serialize()})\n      return false;\n    });\n  //]]>\n</script>\n", 0, false);






_erbout;ensure;@haml_buffer = @haml_buffer.upper;end;
          ensure
            self.output_buffer = old_output_buffer
          end
Backtrace: app/cells/twitter_widget/display_form.html.haml:25:in `compile!'
/usr/lib/ruby/gems/1.8/gems/actionpack-2.3.8/lib/action_view/renderable.rb:61:in `compile'
/usr/lib/ruby/gems/1.8/gems/actionpack-2.3.8/lib/action_view/renderable.rb:28:in `render'
/usr/lib/ruby/gems/1.8/gems/actionpack-2.3.8/lib/action_view/template.rb:205:in `render_template'
/usr/lib/ruby/gems/1.8/gems/actionpack-2.3.8/lib/action_view/base.rb:265:in `render_for'
/usr/lib/ruby/gems/1.8/gems/cells-3.3.4/lib/cells/cell/base.rb:358:in `render_view_for'
/usr/lib/ruby/gems/1.8/gems/apotomo-0.1.1/lib/apotomo/widget.rb:195:in `render'
/cygdrive/c/rails/bar/app/cells/twitter_widget.rb:6:in `display_form'
/usr/lib/ruby/gems/1.8/gems/apotomo-0.1.1/lib/apotomo/widget.rb:136:in `send'
/usr/lib/ruby/gems/1.8/gems/apotomo-0.1.1/lib/apotomo/widget.rb:136:in `dispatch_state'
/usr/lib/ruby/gems/1.8/gems/cells-3.3.4/lib/cells/cell/base.rb:260:in `render_state'
/usr/lib/ruby/gems/1.8/gems/apotomo-0.1.1/lib/apotomo/widget.rb:129:in `invoke'
/usr/lib/ruby/gems/1.8/gems/apotomo-0.1.1/lib/apotomo/request_processor.rb:82:in `render_widget_for'
/usr/lib/ruby/gems/1.8/gems/apotomo-0.1.1/lib/apotomo/rails/controller_methods.rb:83:in `render_widget'
/usr/lib/ruby/gems/1.8/gems/apotomo-0.1.1/lib/apotomo/rails/view_methods.rb:5:in `__send__'
/usr/lib/ruby/gems/1.8/gems/apotomo-0.1.1/lib/apotomo/rails/view_methods.rb:5:in `render_widget'
/cygdrive/c/rails/bar/app/views/dashboard/index.html.haml:3:in `_run_haml_app47views47dashboard47index46html46haml'
/usr/lib/ruby/gems/1.8/gems/actionpack-2.3.8/lib/action_view/renderable.rb:34:in `send'
/usr/lib/ruby/gems/1.8/gems/actionpack-2.3.8/lib/action_view/renderable.rb:34:in `render'
/usr/lib/ruby/gems/1.8/gems/actionpack-2.3.8/lib/action_view/base.rb:306:in `with_template'
/usr/lib/ruby/gems/1.8/gems/actionpack-2.3.8/lib/action_view/renderable.rb:30:in `render'
/usr/lib/ruby/gems/1.8/gems/actionpack-2.3.8/lib/action_view/template.rb:205:in `render_template'
/usr/lib/ruby/gems/1.8/gems/actionpack-2.3.8/lib/action_view/base.rb:265:in `render_without_haml'
/usr/lib/ruby/gems/1.8/gems/haml-3.0.17/rails/../lib/haml/helpers/action_view_mods.rb:13:in `render'
/usr/lib/ruby/gems/1.8/gems/actionpack-2.3.8/lib/action_view/base.rb:348:in `_render_with_layout'
/usr/lib/ruby/gems/1.8/gems/actionpack-2.3.8/lib/action_view/base.rb:262:in `render_without_haml'
/usr/lib/ruby/gems/1.8/gems/haml-3.0.17/rails/../lib/haml/helpers/action_view_mods.rb:13:in `render'
/usr/lib/ruby/gems/1.8/gems/actionpack-2.3.8/lib/action_controller/base.rb:1250:in `render_for_file'
/usr/lib/ruby/gems/1.8/gems/actionpack-2.3.8/lib/action_controller/base.rb:936:in `render_without_benchmark'
/usr/lib/ruby/gems/1.8/gems/actionpack-2.3.8/lib/action_controller/benchmarking.rb:51:in `render'
/usr/lib/ruby/gems/1.8/gems/activesupport-2.3.8/lib/active_support/core_ext/benchmark.rb:17:in `ms'
/usr/lib/ruby/1.8/benchmark.rb:308:in `realtime'
/usr/lib/ruby/gems/1.8/gems/activesupport-2.3.8/lib/active_support/core_ext/benchmark.rb:17:in `ms'
/usr/lib/ruby/gems/1.8/gems/actionpack-2.3.8/lib/action_controller/benchmarking.rb:51:in `render'
/usr/lib/ruby/gems/1.8/gems/actionpack-2.3.8/lib/action_controller/base.rb:1326:in `default_render'
/usr/lib/ruby/gems/1.8/gems/actionpack-2.3.8/lib/action_controller/base.rb:1332:in `perform_action_without_filters'
/usr/lib/ruby/gems/1.8/gems/actionpack-2.3.8/lib/action_controller/filters.rb:617:in `call_filters'
/usr/lib/ruby/gems/1.8/gems/actionpack-2.3.8/lib/action_controller/filters.rb:610:in `perform_action_without_benchmark'
/usr/lib/ruby/gems/1.8/gems/actionpack-2.3.8/lib/action_controller/benchmarking.rb:68:in `perform_action_without_rescue'
/usr/lib/ruby/gems/1.8/gems/activesupport-2.3.8/lib/active_support/core_ext/benchmark.rb:17:in `ms'
/usr/lib/ruby/1.8/benchmark.rb:308:in `realtime'
/usr/lib/ruby/gems/1.8/gems/activesupport-2.3.8/lib/active_support/core_ext/benchmark.rb:17:in `ms'
/usr/lib/ruby/gems/1.8/gems/actionpack-2.3.8/lib/action_controller/benchmarking.rb:68:in `perform_action_without_rescue'
/usr/lib/ruby/gems/1.8/gems/actionpack-2.3.8/lib/action_controller/rescue.rb:160:in `perform_action_without_flash'
/usr/lib/ruby/gems/1.8/gems/actionpack-2.3.8/lib/action_controller/flash.rb:151:in `perform_action'
/usr/lib/ruby/gems/1.8/gems/actionpack-2.3.8/lib/action_controller/base.rb:532:in `send'
/usr/lib/ruby/gems/1.8/gems/actionpack-2.3.8/lib/action_controller/base.rb:532:in `process_without_filters'
/usr/lib/ruby/gems/1.8/gems/actionpack-2.3.8/lib/action_controller/filters.rb:606:in `process'
/usr/lib/ruby/gems/1.8/gems/actionpack-2.3.8/lib/action_controller/base.rb:391:in `process'
/usr/lib/ruby/gems/1.8/gems/actionpack-2.3.8/lib/action_controller/base.rb:386:in `call'
/usr/lib/ruby/gems/1.8/gems/actionpack-2.3.8/lib/action_controller/routing/route_set.rb:438:in `call'
/usr/lib/ruby/gems/1.8/gems/actionpack-2.3.8/lib/action_controller/dispatcher.rb:87:in `dispatch'
/usr/lib/ruby/gems/1.8/gems/actionpack-2.3.8/lib/action_controller/dispatcher.rb:121:in `_call'
/usr/lib/ruby/gems/1.8/gems/actionpack-2.3.8/lib/action_controller/dispatcher.rb:130:in `build_middleware_stack'
/usr/lib/ruby/gems/1.8/gems/activerecord-2.3.8/lib/active_record/query_cache.rb:29:in `call'
/usr/lib/ruby/gems/1.8/gems/activerecord-2.3.8/lib/active_record/query_cache.rb:29:in `call'
/usr/lib/ruby/gems/1.8/gems/activerecord-2.3.8/lib/active_record/connection_adapters/abstract/query_cache.rb:34:in `cache'
/usr/lib/ruby/gems/1.8/gems/activerecord-2.3.8/lib/active_record/query_cache.rb:9:in `cache'
/usr/lib/ruby/gems/1.8/gems/activerecord-2.3.8/lib/active_record/query_cache.rb:28:in `call'
/usr/lib/ruby/gems/1.8/gems/activerecord-2.3.8/lib/active_record/connection_adapters/abstract/connection_pool.rb:361:in `call'
/usr/lib/ruby/gems/1.8/gems/haml-3.0.17/rails/../lib/sass/plugin/rack.rb:41:in `call'
/usr/lib/ruby/gems/1.8/gems/actionpack-2.3.8/lib/action_controller/string_coercion.rb:25:in `call'
/usr/lib/ruby/gems/1.8/gems/rack-1.1.0/lib/rack/head.rb:9:in `call'
/usr/lib/ruby/gems/1.8/gems/rack-1.1.0/lib/rack/methodoverride.rb:24:in `call'
/usr/lib/ruby/gems/1.8/gems/actionpack-2.3.8/lib/action_controller/params_parser.rb:15:in `call'
/usr/lib/ruby/gems/1.8/gems/actionpack-2.3.8/lib/action_controller/session/cookie_store.rb:99:in `call'
/usr/lib/ruby/gems/1.8/gems/actionpack-2.3.8/lib/action_controller/failsafe.rb:26:in `call'
/usr/lib/ruby/gems/1.8/gems/rack-1.1.0/lib/rack/lock.rb:11:in `call'
/usr/lib/ruby/gems/1.8/gems/rack-1.1.0/lib/rack/lock.rb:11:in `synchronize'
/usr/lib/ruby/gems/1.8/gems/rack-1.1.0/lib/rack/lock.rb:11:in `call'
/usr/lib/ruby/gems/1.8/gems/actionpack-2.3.8/lib/action_controller/dispatcher.rb:114:in `call'
/usr/lib/ruby/gems/1.8/gems/actionpack-2.3.8/lib/action_controller/reloader.rb:34:in `run'
/usr/lib/ruby/gems/1.8/gems/actionpack-2.3.8/lib/action_controller/dispatcher.rb:108:in `call'
/usr/lib/ruby/gems/1.8/gems/rails-2.3.8/lib/rails/rack/static.rb:31:in `call'
/usr/lib/ruby/gems/1.8/gems/rack-1.1.0/lib/rack/urlmap.rb:47:in `call'
/usr/lib/ruby/gems/1.8/gems/rack-1.1.0/lib/rack/urlmap.rb:41:in `each'
/usr/lib/ruby/gems/1.8/gems/rack-1.1.0/lib/rack/urlmap.rb:41:in `call'
/usr/lib/ruby/gems/1.8/gems/rails-2.3.8/lib/rails/rack/log_tailer.rb:17:in `call'
/usr/lib/ruby/gems/1.8/gems/rack-1.1.0/lib/rack/content_length.rb:13:in `call'
/usr/lib/ruby/gems/1.8/gems/rack-1.1.0/lib/rack/chunked.rb:15:in `call'
/usr/lib/ruby/gems/1.8/gems/rack-1.1.0/lib/rack/handler/mongrel.rb:67:in `process'
/usr/lib/ruby/gems/1.8/gems/mongrel-1.1.5/lib/mongrel.rb:159:in `process_client'
/usr/lib/ruby/gems/1.8/gems/mongrel-1.1.5/lib/mongrel.rb:158:in `each'
/usr/lib/ruby/gems/1.8/gems/mongrel-1.1.5/lib/mongrel.rb:158:in `process_client'
/usr/lib/ruby/gems/1.8/gems/mongrel-1.1.5/lib/mongrel.rb:285:in `run'
/usr/lib/ruby/gems/1.8/gems/mongrel-1.1.5/lib/mongrel.rb:285:in `initialize'
/usr/lib/ruby/gems/1.8/gems/mongrel-1.1.5/lib/mongrel.rb:285:in `new'
/usr/lib/ruby/gems/1.8/gems/mongrel-1.1.5/lib/mongrel.rb:285:in `run'
/usr/lib/ruby/gems/1.8/gems/mongrel-1.1.5/lib/mongrel.rb:268:in `initialize'
/usr/lib/ruby/gems/1.8/gems/mongrel-1.1.5/lib/mongrel.rb:268:in `new'
/usr/lib/ruby/gems/1.8/gems/mongrel-1.1.5/lib/mongrel.rb:268:in `run'
/usr/lib/ruby/gems/1.8/gems/rack-1.1.0/lib/rack/handler/mongrel.rb:38:in `run'
/usr/lib/ruby/gems/1.8/gems/rails-2.3.8/lib/commands/server.rb:111
/usr/lib/ruby/site_ruby/1.8/rubygems/custom_require.rb:31:in `gem_original_require'
/usr/lib/ruby/site_ruby/1.8/rubygems/custom_require.rb:31:in `require'
./script/server:3

ActionView::TemplateError (compile error
app/cells/twitter_widget/display_form.html.haml:22: syntax error, unexpected kENSURE, expecting kEND
_erbout;ensure;@haml_buffer = @haml_buffer.upper;end;
              ^
app/cells/twitter_widget/display_form.html.haml:25: syntax error, unexpected $end, expecting kEND) on line #22 of app/cells/twitter_widget/display_form.html.haml:
19:     $.ajax({url: form.attr("data-event-url"), data: form.serialize()})
20:     return false;
21:   });

    app/cells/twitter_widget/display_form.html.haml:25:in `compile!'
    cells (3.3.4) lib/cells/cell/base.rb:358:in `render_view_for'
    apotomo (0.1.1) lib/apotomo/widget.rb:195:in `render'
    app/cells/twitter_widget.rb:6:in `display_form'
    apotomo (0.1.1) lib/apotomo/widget.rb:136:in `send'
    apotomo (0.1.1) lib/apotomo/widget.rb:136:in `dispatch_state'
    cells (3.3.4) lib/cells/cell/base.rb:260:in `render_state'
    apotomo (0.1.1) lib/apotomo/widget.rb:129:in `invoke'
    apotomo (0.1.1) lib/apotomo/request_processor.rb:82:in `render_widget_for'
    apotomo (0.1.1) lib/apotomo/rails/controller_methods.rb:83:in `render_widget'
    apotomo (0.1.1) lib/apotomo/rails/view_methods.rb:5:in `__send__'
    apotomo (0.1.1) lib/apotomo/rails/view_methods.rb:5:in `render_widget'
    app/views/dashboard/index.html.haml:3:in `_run_haml_app47views47dashboard47index46html46haml'
    haml (3.0.17) rails/./lib/haml/helpers/action_view_mods.rb:13:in `render'
    haml (3.0.17) rails/./lib/haml/helpers/action_view_mods.rb:13:in `render'
    haml (3.0.17) rails/./lib/sass/plugin/rack.rb:41:in `call'

Rendered rescues/_trace (72.0ms)
Rendered rescues/_request_and_response (2.0ms)
Rendering rescues/layout (internal_server_error)


Processing DashboardController#index (for 127.0.0.1 at 2010-08-25 14:57:25) [GET]
Rendering template within layouts/application
Rendering dashboard/index
  [4;36;1mTweet Load (0.0ms)[0m   [0;1mSELECT * FROM "tweets" [0m
ERROR: compiling _run_haml_app47cells47twitter_widget47display_form46html46haml_locals_rendered_children RAISED compile error
app/cells/twitter_widget/display_form.html.haml:22: syntax error, unexpected kENSURE, expecting kEND
_erbout;ensure;@haml_buffer = @haml_buffer.upper;end;
              ^
app/cells/twitter_widget/display_form.html.haml:25: syntax error, unexpected $end, expecting kEND
Function body:           def _run_haml_app47cells47twitter_widget47display_form46html46haml_locals_rendered_children(local_assigns)
            old_output_buffer = output_buffer;rendered_children = local_assigns[:rendered_children];;begin;extend Haml::Helpers;_hamlout = @haml_buffer = Haml::Buffer.new(@haml_buffer, {:ugly=>false, :preserve=>["textarea", "pre", "code"], :encoding=>nil, :format=>:xhtml, :escape_html=>false, :attr_wrapper=>"'", :autoclose=>["meta", "img", "link", "br", "hr", "input", "area", "param", "col", "base"]});_erbout = _hamlout.buffer;__in_erb_template = true;; widget_div do;
_hamlout.push_text("<ul>\n", 1, false);
 for tweet in @tweets;
_hamlout.push_text("  <li>\n    #{
_hamlout.adjust_tabs(1); _hamlout.format_script_false_false_false_false_false_true_false(( tweet.text
));}\n  </li>\n", -1, false);
end;_hamlout.push_text("</ul>\n<p>\n  What are you up to?\n</p>\n", -1, false);


 form_tag "", "data-event-url" => url_for_event(:submit) do;
_hamlout.push_text("#{_hamlout.format_script_false_false_false_false_false_true_false(( text_field_tag 'text'
));}\n#{
_hamlout.format_script_false_false_false_false_false_true_false(( submit_tag "Tweet!"
));}\n", 0, false);
end;_hamlout.push_text("<script type='text/javascript'>\n  //<![CDATA[\n    form = $(\"# form\");\n    \n    form.submit(function() {\n      $.ajax({url: form.attr(\"data-event-url\"), data: form.serialize()})\n      return false;\n    });\n  //]]>\n</script>\n", 0, false);






_erbout;ensure;@haml_buffer = @haml_buffer.upper;end;
          ensure
            self.output_buffer = old_output_buffer
          end
Backtrace: app/cells/twitter_widget/display_form.html.haml:25:in `compile!'
/usr/lib/ruby/gems/1.8/gems/actionpack-2.3.8/lib/action_view/renderable.rb:61:in `compile'
/usr/lib/ruby/gems/1.8/gems/actionpack-2.3.8/lib/action_view/renderable.rb:28:in `render'
/usr/lib/ruby/gems/1.8/gems/actionpack-2.3.8/lib/action_view/template.rb:205:in `render_template'
/usr/lib/ruby/gems/1.8/gems/actionpack-2.3.8/lib/action_view/base.rb:265:in `render_for'
/usr/lib/ruby/gems/1.8/gems/cells-3.3.4/lib/cells/cell/base.rb:358:in `render_view_for'
/usr/lib/ruby/gems/1.8/gems/apotomo-0.1.1/lib/apotomo/widget.rb:195:in `render'
/cygdrive/c/rails/bar/app/cells/twitter_widget.rb:6:in `display_form'
/usr/lib/ruby/gems/1.8/gems/apotomo-0.1.1/lib/apotomo/widget.rb:136:in `send'
/usr/lib/ruby/gems/1.8/gems/apotomo-0.1.1/lib/apotomo/widget.rb:136:in `dispatch_state'
/usr/lib/ruby/gems/1.8/gems/cells-3.3.4/lib/cells/cell/base.rb:260:in `render_state'
/usr/lib/ruby/gems/1.8/gems/apotomo-0.1.1/lib/apotomo/widget.rb:129:in `invoke'
/usr/lib/ruby/gems/1.8/gems/apotomo-0.1.1/lib/apotomo/request_processor.rb:82:in `render_widget_for'
/usr/lib/ruby/gems/1.8/gems/apotomo-0.1.1/lib/apotomo/rails/controller_methods.rb:83:in `render_widget'
/usr/lib/ruby/gems/1.8/gems/apotomo-0.1.1/lib/apotomo/rails/view_methods.rb:5:in `__send__'
/usr/lib/ruby/gems/1.8/gems/apotomo-0.1.1/lib/apotomo/rails/view_methods.rb:5:in `render_widget'
/cygdrive/c/rails/bar/app/views/dashboard/index.html.haml:3:in `_run_haml_app47views47dashboard47index46html46haml'
/usr/lib/ruby/gems/1.8/gems/actionpack-2.3.8/lib/action_view/renderable.rb:34:in `send'
/usr/lib/ruby/gems/1.8/gems/actionpack-2.3.8/lib/action_view/renderable.rb:34:in `render'
/usr/lib/ruby/gems/1.8/gems/actionpack-2.3.8/lib/action_view/base.rb:306:in `with_template'
/usr/lib/ruby/gems/1.8/gems/actionpack-2.3.8/lib/action_view/renderable.rb:30:in `render'
/usr/lib/ruby/gems/1.8/gems/actionpack-2.3.8/lib/action_view/template.rb:205:in `render_template'
/usr/lib/ruby/gems/1.8/gems/actionpack-2.3.8/lib/action_view/base.rb:265:in `render_without_haml'
/usr/lib/ruby/gems/1.8/gems/haml-3.0.17/rails/../lib/haml/helpers/action_view_mods.rb:13:in `render'
/usr/lib/ruby/gems/1.8/gems/actionpack-2.3.8/lib/action_view/base.rb:348:in `_render_with_layout'
/usr/lib/ruby/gems/1.8/gems/actionpack-2.3.8/lib/action_view/base.rb:262:in `render_without_haml'
/usr/lib/ruby/gems/1.8/gems/haml-3.0.17/rails/../lib/haml/helpers/action_view_mods.rb:13:in `render'
/usr/lib/ruby/gems/1.8/gems/actionpack-2.3.8/lib/action_controller/base.rb:1250:in `render_for_file'
/usr/lib/ruby/gems/1.8/gems/actionpack-2.3.8/lib/action_controller/base.rb:936:in `render_without_benchmark'
/usr/lib/ruby/gems/1.8/gems/actionpack-2.3.8/lib/action_controller/benchmarking.rb:51:in `render'
/usr/lib/ruby/gems/1.8/gems/activesupport-2.3.8/lib/active_support/core_ext/benchmark.rb:17:in `ms'
/usr/lib/ruby/1.8/benchmark.rb:308:in `realtime'
/usr/lib/ruby/gems/1.8/gems/activesupport-2.3.8/lib/active_support/core_ext/benchmark.rb:17:in `ms'
/usr/lib/ruby/gems/1.8/gems/actionpack-2.3.8/lib/action_controller/benchmarking.rb:51:in `render'
/usr/lib/ruby/gems/1.8/gems/actionpack-2.3.8/lib/action_controller/base.rb:1326:in `default_render'
/usr/lib/ruby/gems/1.8/gems/actionpack-2.3.8/lib/action_controller/base.rb:1332:in `perform_action_without_filters'
/usr/lib/ruby/gems/1.8/gems/actionpack-2.3.8/lib/action_controller/filters.rb:617:in `call_filters'
/usr/lib/ruby/gems/1.8/gems/actionpack-2.3.8/lib/action_controller/filters.rb:610:in `perform_action_without_benchmark'
/usr/lib/ruby/gems/1.8/gems/actionpack-2.3.8/lib/action_controller/benchmarking.rb:68:in `perform_action_without_rescue'
/usr/lib/ruby/gems/1.8/gems/activesupport-2.3.8/lib/active_support/core_ext/benchmark.rb:17:in `ms'
/usr/lib/ruby/1.8/benchmark.rb:308:in `realtime'
/usr/lib/ruby/gems/1.8/gems/activesupport-2.3.8/lib/active_support/core_ext/benchmark.rb:17:in `ms'
/usr/lib/ruby/gems/1.8/gems/actionpack-2.3.8/lib/action_controller/benchmarking.rb:68:in `perform_action_without_rescue'
/usr/lib/ruby/gems/1.8/gems/actionpack-2.3.8/lib/action_controller/rescue.rb:160:in `perform_action_without_flash'
/usr/lib/ruby/gems/1.8/gems/actionpack-2.3.8/lib/action_controller/flash.rb:151:in `perform_action'
/usr/lib/ruby/gems/1.8/gems/actionpack-2.3.8/lib/action_controller/base.rb:532:in `send'
/usr/lib/ruby/gems/1.8/gems/actionpack-2.3.8/lib/action_controller/base.rb:532:in `process_without_filters'
/usr/lib/ruby/gems/1.8/gems/actionpack-2.3.8/lib/action_controller/filters.rb:606:in `process'
/usr/lib/ruby/gems/1.8/gems/actionpack-2.3.8/lib/action_controller/base.rb:391:in `process'
/usr/lib/ruby/gems/1.8/gems/actionpack-2.3.8/lib/action_controller/base.rb:386:in `call'
/usr/lib/ruby/gems/1.8/gems/actionpack-2.3.8/lib/action_controller/routing/route_set.rb:438:in `call'
/usr/lib/ruby/gems/1.8/gems/actionpack-2.3.8/lib/action_controller/dispatcher.rb:87:in `dispatch'
/usr/lib/ruby/gems/1.8/gems/actionpack-2.3.8/lib/action_controller/dispatcher.rb:121:in `_call'
/usr/lib/ruby/gems/1.8/gems/actionpack-2.3.8/lib/action_controller/dispatcher.rb:130:in `build_middleware_stack'
/usr/lib/ruby/gems/1.8/gems/activerecord-2.3.8/lib/active_record/query_cache.rb:29:in `call'
/usr/lib/ruby/gems/1.8/gems/activerecord-2.3.8/lib/active_record/query_cache.rb:29:in `call'
/usr/lib/ruby/gems/1.8/gems/activerecord-2.3.8/lib/active_record/connection_adapters/abstract/query_cache.rb:34:in `cache'
/usr/lib/ruby/gems/1.8/gems/activerecord-2.3.8/lib/active_record/query_cache.rb:9:in `cache'
/usr/lib/ruby/gems/1.8/gems/activerecord-2.3.8/lib/active_record/query_cache.rb:28:in `call'
/usr/lib/ruby/gems/1.8/gems/activerecord-2.3.8/lib/active_record/connection_adapters/abstract/connection_pool.rb:361:in `call'
/usr/lib/ruby/gems/1.8/gems/haml-3.0.17/rails/../lib/sass/plugin/rack.rb:41:in `call'
/usr/lib/ruby/gems/1.8/gems/actionpack-2.3.8/lib/action_controller/string_coercion.rb:25:in `call'
/usr/lib/ruby/gems/1.8/gems/rack-1.1.0/lib/rack/head.rb:9:in `call'
/usr/lib/ruby/gems/1.8/gems/rack-1.1.0/lib/rack/methodoverride.rb:24:in `call'
/usr/lib/ruby/gems/1.8/gems/actionpack-2.3.8/lib/action_controller/params_parser.rb:15:in `call'
/usr/lib/ruby/gems/1.8/gems/actionpack-2.3.8/lib/action_controller/session/cookie_store.rb:99:in `call'
/usr/lib/ruby/gems/1.8/gems/actionpack-2.3.8/lib/action_controller/failsafe.rb:26:in `call'
/usr/lib/ruby/gems/1.8/gems/rack-1.1.0/lib/rack/lock.rb:11:in `call'
/usr/lib/ruby/gems/1.8/gems/rack-1.1.0/lib/rack/lock.rb:11:in `synchronize'
/usr/lib/ruby/gems/1.8/gems/rack-1.1.0/lib/rack/lock.rb:11:in `call'
/usr/lib/ruby/gems/1.8/gems/actionpack-2.3.8/lib/action_controller/dispatcher.rb:114:in `call'
/usr/lib/ruby/gems/1.8/gems/actionpack-2.3.8/lib/action_controller/reloader.rb:34:in `run'
/usr/lib/ruby/gems/1.8/gems/actionpack-2.3.8/lib/action_controller/dispatcher.rb:108:in `call'
/usr/lib/ruby/gems/1.8/gems/rails-2.3.8/lib/rails/rack/static.rb:31:in `call'
/usr/lib/ruby/gems/1.8/gems/rack-1.1.0/lib/rack/urlmap.rb:47:in `call'
/usr/lib/ruby/gems/1.8/gems/rack-1.1.0/lib/rack/urlmap.rb:41:in `each'
/usr/lib/ruby/gems/1.8/gems/rack-1.1.0/lib/rack/urlmap.rb:41:in `call'
/usr/lib/ruby/gems/1.8/gems/rails-2.3.8/lib/rails/rack/log_tailer.rb:17:in `call'
/usr/lib/ruby/gems/1.8/gems/rack-1.1.0/lib/rack/content_length.rb:13:in `call'
/usr/lib/ruby/gems/1.8/gems/rack-1.1.0/lib/rack/chunked.rb:15:in `call'
/usr/lib/ruby/gems/1.8/gems/rack-1.1.0/lib/rack/handler/mongrel.rb:67:in `process'
/usr/lib/ruby/gems/1.8/gems/mongrel-1.1.5/lib/mongrel.rb:159:in `process_client'
/usr/lib/ruby/gems/1.8/gems/mongrel-1.1.5/lib/mongrel.rb:158:in `each'
/usr/lib/ruby/gems/1.8/gems/mongrel-1.1.5/lib/mongrel.rb:158:in `process_client'
/usr/lib/ruby/gems/1.8/gems/mongrel-1.1.5/lib/mongrel.rb:285:in `run'
/usr/lib/ruby/gems/1.8/gems/mongrel-1.1.5/lib/mongrel.rb:285:in `initialize'
/usr/lib/ruby/gems/1.8/gems/mongrel-1.1.5/lib/mongrel.rb:285:in `new'
/usr/lib/ruby/gems/1.8/gems/mongrel-1.1.5/lib/mongrel.rb:285:in `run'
/usr/lib/ruby/gems/1.8/gems/mongrel-1.1.5/lib/mongrel.rb:268:in `initialize'
/usr/lib/ruby/gems/1.8/gems/mongrel-1.1.5/lib/mongrel.rb:268:in `new'
/usr/lib/ruby/gems/1.8/gems/mongrel-1.1.5/lib/mongrel.rb:268:in `run'
/usr/lib/ruby/gems/1.8/gems/rack-1.1.0/lib/rack/handler/mongrel.rb:38:in `run'
/usr/lib/ruby/gems/1.8/gems/rails-2.3.8/lib/commands/server.rb:111
/usr/lib/ruby/site_ruby/1.8/rubygems/custom_require.rb:31:in `gem_original_require'
/usr/lib/ruby/site_ruby/1.8/rubygems/custom_require.rb:31:in `require'
./script/server:3

ActionView::TemplateError (compile error
app/cells/twitter_widget/display_form.html.haml:22: syntax error, unexpected kENSURE, expecting kEND
_erbout;ensure;@haml_buffer = @haml_buffer.upper;end;
              ^
app/cells/twitter_widget/display_form.html.haml:25: syntax error, unexpected $end, expecting kEND) on line #22 of app/cells/twitter_widget/display_form.html.haml:
19:     $.ajax({url: form.attr("data-event-url"), data: form.serialize()})
20:     return false;
21:   });

    app/cells/twitter_widget/display_form.html.haml:25:in `compile!'
    cells (3.3.4) lib/cells/cell/base.rb:358:in `render_view_for'
    apotomo (0.1.1) lib/apotomo/widget.rb:195:in `render'
    app/cells/twitter_widget.rb:6:in `display_form'
    apotomo (0.1.1) lib/apotomo/widget.rb:136:in `send'
    apotomo (0.1.1) lib/apotomo/widget.rb:136:in `dispatch_state'
    cells (3.3.4) lib/cells/cell/base.rb:260:in `render_state'
    apotomo (0.1.1) lib/apotomo/widget.rb:129:in `invoke'
    apotomo (0.1.1) lib/apotomo/request_processor.rb:82:in `render_widget_for'
    apotomo (0.1.1) lib/apotomo/rails/controller_methods.rb:83:in `render_widget'
    apotomo (0.1.1) lib/apotomo/rails/view_methods.rb:5:in `__send__'
    apotomo (0.1.1) lib/apotomo/rails/view_methods.rb:5:in `render_widget'
    app/views/dashboard/index.html.haml:3:in `_run_haml_app47views47dashboard47index46html46haml'
    haml (3.0.17) rails/./lib/haml/helpers/action_view_mods.rb:13:in `render'
    haml (3.0.17) rails/./lib/haml/helpers/action_view_mods.rb:13:in `render'
    haml (3.0.17) rails/./lib/sass/plugin/rack.rb:41:in `call'

Rendered rescues/_trace (69.0ms)
Rendered rescues/_request_and_response (1.0ms)
Rendering rescues/layout (internal_server_error)


Processing DashboardController#index (for 127.0.0.1 at 2010-08-25 15:01:37) [GET]
Rendering template within layouts/application
Rendering dashboard/index
  [4;35;1mTweet Load (1.0ms)[0m   [0mSELECT * FROM "tweets" [0m
Completed in 192ms (View: 190, DB: 1) | 200 OK [http://localhost/dashboard]


Processing ApplicationController#index (for 127.0.0.1 at 2010-08-25 15:01:37) [GET]

ActionController::RoutingError (No route matches "/javascripts/jquery-1.4.2.min" with {:method=>:get}):
  haml (3.0.17) rails/./lib/sass/plugin/rack.rb:41:in `call'

Rendering rescues/layout (not_found)


Processing ApplicationController#index (for 127.0.0.1 at 2010-08-25 15:01:37) [GET]

ActionController::RoutingError (No route matches "/stylesheets/app.css" with {:method=>:get}):
  haml (3.0.17) rails/./lib/sass/plugin/rack.rb:41:in `call'

Rendering rescues/layout (not_found)


Processing DashboardController#index (for 127.0.0.1 at 2010-08-25 15:01:51) [POST]
  Parameters: {"commit"=>"Tweet!", "authenticity_token"=>"4PE5p5eI11ku99cDYjAUi1W3unlKe+gJ7Z2WtoK/oLk=", "text"=>"freaking haml whitespace, that's what"}
Rendering template within layouts/application
Rendering dashboard/index
  [4;36;1mTweet Load (0.0ms)[0m   [0;1mSELECT * FROM "tweets" [0m
Completed in 49ms (View: 47, DB: 0) | 200 OK [http://localhost/dashboard]


Processing ApplicationController#index (for 127.0.0.1 at 2010-08-25 15:01:51) [GET]

ActionController::RoutingError (No route matches "/javascripts/jquery-1.4.2.min" with {:method=>:get}):
  haml (3.0.17) rails/./lib/sass/plugin/rack.rb:41:in `call'

Rendering rescues/layout (not_found)


Processing ApplicationController#index (for 127.0.0.1 at 2010-08-25 15:01:51) [GET]

ActionController::RoutingError (No route matches "/stylesheets/app.css" with {:method=>:get}):
  haml (3.0.17) rails/./lib/sass/plugin/rack.rb:41:in `call'

Rendering rescues/layout (not_found)


Processing DashboardController#index (for 127.0.0.1 at 2010-08-25 15:01:56) [POST]
  Parameters: {"commit"=>"Tweet!", "authenticity_token"=>"4PE5p5eI11ku99cDYjAUi1W3unlKe+gJ7Z2WtoK/oLk=", "text"=>"sup"}
Rendering template within layouts/application
Rendering dashboard/index
  [4;35;1mTweet Load (1.0ms)[0m   [0mSELECT * FROM "tweets" [0m
Completed in 60ms (View: 57, DB: 1) | 200 OK [http://localhost/dashboard]


Processing ApplicationController#index (for 127.0.0.1 at 2010-08-25 15:01:57) [GET]

ActionController::RoutingError (No route matches "/javascripts/jquery-1.4.2.min" with {:method=>:get}):
  haml (3.0.17) rails/./lib/sass/plugin/rack.rb:41:in `call'

Rendering rescues/layout (not_found)


Processing ApplicationController#index (for 127.0.0.1 at 2010-08-25 15:01:57) [GET]

ActionController::RoutingError (No route matches "/stylesheets/app.css" with {:method=>:get}):
  haml (3.0.17) rails/./lib/sass/plugin/rack.rb:41:in `call'

Rendering rescues/layout (not_found)


Processing DashboardController#index (for 127.0.0.1 at 2010-08-25 16:05:41) [POST]
  Parameters: {"commit"=>"Tweet!", "authenticity_token"=>"4PE5p5eI11ku99cDYjAUi1W3unlKe+gJ7Z2WtoK/oLk=", "text"=>"sup"}
Rendering template within layouts/application
Rendering dashboard/index
  [4;36;1mTweet Load (0.0ms)[0m   [0;1mSELECT * FROM "tweets" [0m
Completed in 51ms (View: 49, DB: 0) | 200 OK [http://localhost/dashboard]


Processing ApplicationController#index (for 127.0.0.1 at 2010-08-25 16:05:41) [GET]

ActionController::RoutingError (No route matches "/stylesheets/app.css" with {:method=>:get}):
  haml (3.0.17) rails/./lib/sass/plugin/rack.rb:41:in `call'

Rendering rescues/layout (not_found)


Processing DashboardController#index (for 127.0.0.1 at 2010-08-25 16:05:43) [POST]
  Parameters: {"commit"=>"Tweet!", "authenticity_token"=>"4PE5p5eI11ku99cDYjAUi1W3unlKe+gJ7Z2WtoK/oLk=", "text"=>"hey"}
Rendering template within layouts/application
Rendering dashboard/index
  [4;35;1mTweet Load (1.0ms)[0m   [0mSELECT * FROM "tweets" [0m
Completed in 53ms (View: 49, DB: 1) | 200 OK [http://localhost/dashboard]


Processing ApplicationController#index (for 127.0.0.1 at 2010-08-25 16:05:44) [GET]

ActionController::RoutingError (No route matches "/stylesheets/app.css" with {:method=>:get}):
  haml (3.0.17) rails/./lib/sass/plugin/rack.rb:41:in `call'

Rendering rescues/layout (not_found)


Processing DashboardController#index (for 127.0.0.1 at 2010-08-25 16:05:48) [POST]
  Parameters: {"commit"=>"Tweet!", "authenticity_token"=>"4PE5p5eI11ku99cDYjAUi1W3unlKe+gJ7Z2WtoK/oLk=", "text"=>"something"}
Rendering template within layouts/application
Rendering dashboard/index
  [4;36;1mTweet Load (0.0ms)[0m   [0;1mSELECT * FROM "tweets" [0m
Completed in 54ms (View: 52, DB: 0) | 200 OK [http://localhost/dashboard]


Processing ApplicationController#index (for 127.0.0.1 at 2010-08-25 16:05:48) [GET]

ActionController::RoutingError (No route matches "/stylesheets/app.css" with {:method=>:get}):
  haml (3.0.17) rails/./lib/sass/plugin/rack.rb:41:in `call'

Rendering rescues/layout (not_found)


Processing DashboardController#index (for 127.0.0.1 at 2010-08-25 16:13:10) [POST]
  Parameters: {"commit"=>"Tweet!", "authenticity_token"=>"4PE5p5eI11ku99cDYjAUi1W3unlKe+gJ7Z2WtoK/oLk=", "text"=>"something"}
Rendering template within layouts/application
Rendering dashboard/index
  [4;36;1mTweet Load (0.0ms)[0m   [0;1mSELECT * FROM "tweets" [0m
Completed in 154ms (View: 151, DB: 0) | 200 OK [http://localhost/dashboard]


Processing ApplicationController#index (for 127.0.0.1 at 2010-08-25 16:13:11) [GET]

ActionController::RoutingError (No route matches "/stylesheets/app.css" with {:method=>:get}):
  haml (3.0.17) rails/./lib/sass/plugin/rack.rb:41:in `call'

Rendering rescues/layout (not_found)


Processing DashboardController#index (for 127.0.0.1 at 2010-08-25 16:13:20) [POST]
  Parameters: {"commit"=>"Tweet!", "authenticity_token"=>"4PE5p5eI11ku99cDYjAUi1W3unlKe+gJ7Z2WtoK/oLk=", "text"=>"helloyellowdello"}
Rendering template within layouts/application
Rendering dashboard/index
  [4;35;1mTweet Load (0.0ms)[0m   [0mSELECT * FROM "tweets" [0m
Completed in 50ms (View: 48, DB: 0) | 200 OK [http://localhost/dashboard]


Processing ApplicationController#index (for 127.0.0.1 at 2010-08-25 16:13:20) [GET]

ActionController::RoutingError (No route matches "/stylesheets/app.css" with {:method=>:get}):
  haml (3.0.17) rails/./lib/sass/plugin/rack.rb:41:in `call'

Rendering rescues/layout (not_found)
